2023-05-26 12:25:08.865 [main] DEBUG com.solvd.laba.lambda.Test - Debug Message Logged !!!
2023-05-26 12:25:08.866 [main] INFO  com.solvd.laba.lambda.Test - Info Message Logged !!!
2023-05-26 12:25:08.866 [main] ERROR com.solvd.laba.lambda.Test - Error Message Logged !!!
java.lang.NullPointerException: NullError
	at com.solvd.laba.lambda.Test.main(Test.java:32) [classes/:?]
2023-05-26 12:25:08.871 [main] DEBUG com.solvd.laba.lambda.Test - This is a debug message
2023-05-26 12:25:08.871 [main] INFO  com.solvd.laba.lambda.Test - -------------------------------------------------------
2023-05-26 12:25:08.871 [main] INFO  com.solvd.laba.lambda.Test - getColor
2023-05-26 12:25:08.872 [main] INFO  com.solvd.laba.lambda.Test - -------------------------------------------------------
2023-05-26 12:25:08.878 [main] INFO  com.solvd.laba.lambda.Test - ----------------------------------------------------------
2023-05-26 12:25:08.879 [main] INFO  com.solvd.laba.lambda.Test - -------------------------------------------------------
2023-05-26 12:25:08.879 [main] INFO  com.solvd.laba.lambda.Test - -------------------------------------------------------
2023-05-26 12:25:08.879 [main] INFO  com.solvd.laba.lambda.Test - Not Lambda
2023-05-26 12:25:08.879 [main] INFO  com.solvd.laba.lambda.Test - It's lambda
2023-05-26 12:25:08.879 [main] INFO  com.solvd.laba.lambda.Test - -------------------------------------------------------
2023-05-26 12:25:08.879 [main] INFO  com.solvd.laba.lambda.Test - Trying to print with logger
2023-05-26 12:25:08.879 [main] INFO  com.solvd.laba.lambda.Test - hi!
2023-05-26 12:25:08.880 [main] INFO  com.solvd.laba.lambda.Test - {lambda=com.solvd.laba.lambda.Test$$Lambda$116/0x0000000800212840@732d0d24, second=com.solvd.laba.lambda.Test$$Lambda$117/0x0000000800212c40@1fb19a0}
2023-05-26 12:25:08.880 [main] INFO  com.solvd.laba.lambda.Test - -------------------------------------------------------
2023-05-26 12:25:08.881 [main] DEBUG com.solvd.laba.lambda.Test - [Mercedes]
2023-05-26 12:25:08.882 [main] INFO  com.solvd.laba.lambda.Test - 3
2023-05-26 12:25:08.882 [main] INFO  com.solvd.laba.lambda.Test - 4
2023-05-26 12:25:08.882 [main] INFO  com.solvd.laba.lambda.Test - 5
2023-05-26 12:25:08.882 [main] INFO  com.solvd.laba.lambda.Test - 6
2023-05-26 12:25:08.882 [main] INFO  com.solvd.laba.lambda.Test - 7
2023-05-26 12:25:08.882 [main] INFO  com.solvd.laba.lambda.Test - 8
2023-05-26 12:25:08.882 [main] INFO  com.solvd.laba.lambda.Test - 9
2023-05-26 12:25:08.884 [main] INFO  com.solvd.laba.lambda.Test - IntSummaryStatistics{count=5, sum=147, min=1, average=29.400000, max=99}
2023-05-26 12:27:54.952 [main] DEBUG com.solvd.laba.lambda.Test - Debug Message Logged !!!
2023-05-26 12:27:54.954 [main] INFO  com.solvd.laba.lambda.Test - Info Message Logged !!!
2023-05-26 12:27:54.954 [main] ERROR com.solvd.laba.lambda.Test - Error Message Logged !!!
java.lang.NullPointerException: NullError
	at com.solvd.laba.lambda.Test.main(Test.java:32) [classes/:?]
2023-05-26 12:27:54.960 [main] DEBUG com.solvd.laba.lambda.Test - This is a debug message
2023-05-26 12:27:54.960 [main] INFO  com.solvd.laba.lambda.Test - -------------------------------------------------------
2023-05-26 12:27:54.960 [main] INFO  com.solvd.laba.lambda.Test - -------------------------------------------------------
2023-05-26 12:27:54.966 [main] INFO  com.solvd.laba.lambda.Test - ----------------------------------------------------------
2023-05-26 12:27:54.966 [main] INFO  com.solvd.laba.lambda.Test - -------------------------------------------------------
2023-05-26 12:27:54.966 [main] INFO  com.solvd.laba.lambda.Test - -------------------------------------------------------
2023-05-26 12:27:54.966 [main] INFO  com.solvd.laba.lambda.Test - Not Lambda
2023-05-26 12:27:54.966 [main] INFO  com.solvd.laba.lambda.Test - It's lambda
2023-05-26 12:27:54.966 [main] INFO  com.solvd.laba.lambda.Test - -------------------------------------------------------
2023-05-26 12:27:54.967 [main] INFO  com.solvd.laba.lambda.Test - Trying to print with logger
2023-05-26 12:27:54.967 [main] INFO  com.solvd.laba.lambda.Test - hi!
2023-05-26 12:27:54.967 [main] INFO  com.solvd.laba.lambda.Test - {lambda=com.solvd.laba.lambda.Test$$Lambda$116/0x0000000800212840@732d0d24, second=com.solvd.laba.lambda.Test$$Lambda$117/0x0000000800212c40@1fb19a0}
2023-05-26 12:27:54.967 [main] INFO  com.solvd.laba.lambda.Test - -------------------------------------------------------
2023-05-26 12:27:54.968 [main] DEBUG com.solvd.laba.lambda.Test - [Mercedes]
2023-05-26 12:27:54.969 [main] INFO  com.solvd.laba.lambda.Test - 3
2023-05-26 12:27:54.969 [main] INFO  com.solvd.laba.lambda.Test - 4
2023-05-26 12:27:54.969 [main] INFO  com.solvd.laba.lambda.Test - 5
2023-05-26 12:27:54.969 [main] INFO  com.solvd.laba.lambda.Test - 6
2023-05-26 12:27:54.969 [main] INFO  com.solvd.laba.lambda.Test - 7
2023-05-26 12:27:54.969 [main] INFO  com.solvd.laba.lambda.Test - 8
2023-05-26 12:27:54.970 [main] INFO  com.solvd.laba.lambda.Test - 9
2023-05-26 12:27:54.972 [main] INFO  com.solvd.laba.lambda.Test - IntSummaryStatistics{count=5, sum=147, min=1, average=29.400000, max=99}
2023-05-26 12:35:02.745 [main] DEBUG com.solvd.laba.lambda.Test - Debug Message Logged !!!
2023-05-26 12:35:02.746 [main] INFO  com.solvd.laba.lambda.Test - Info Message Logged !!!
2023-05-26 12:35:02.746 [main] ERROR com.solvd.laba.lambda.Test - Error Message Logged !!!
java.lang.NullPointerException: NullError
	at com.solvd.laba.lambda.Test.main(Test.java:32) [classes/:?]
2023-05-26 12:35:02.751 [main] DEBUG com.solvd.laba.lambda.Test - This is a debug message
2023-05-26 12:35:02.751 [main] INFO  com.solvd.laba.lambda.Test - -------------------------------------------------------
2023-05-26 12:35:02.751 [main] INFO  com.solvd.laba.lambda.Test - getColor
2023-05-26 12:35:02.751 [main] INFO  com.solvd.laba.lambda.Test - -------------------------------------------------------
2023-05-26 12:35:02.758 [main] INFO  com.solvd.laba.lambda.Test - ----------------------------------------------------------
2023-05-26 12:35:02.758 [main] INFO  com.solvd.laba.lambda.Test - -------------------------------------------------------
2023-05-26 12:35:02.758 [main] INFO  com.solvd.laba.lambda.Test - -------------------------------------------------------
2023-05-26 12:35:02.759 [main] INFO  com.solvd.laba.lambda.Test - Not Lambda
2023-05-26 12:35:02.759 [main] INFO  com.solvd.laba.lambda.Test - It's lambda
2023-05-26 12:35:02.759 [main] INFO  com.solvd.laba.lambda.Test - -------------------------------------------------------
2023-05-26 12:35:02.759 [main] INFO  com.solvd.laba.lambda.Test - Trying to print with logger
2023-05-26 12:35:02.759 [main] INFO  com.solvd.laba.lambda.Test - hi!
2023-05-26 12:35:02.759 [main] INFO  com.solvd.laba.lambda.Test - {lambda=com.solvd.laba.lambda.Test$$Lambda$116/0x0000000800212840@732d0d24, second=com.solvd.laba.lambda.Test$$Lambda$117/0x0000000800212c40@1fb19a0}
2023-05-26 12:35:02.759 [main] INFO  com.solvd.laba.lambda.Test - -------------------------------------------------------
2023-05-26 12:35:02.760 [main] DEBUG com.solvd.laba.lambda.Test - [Mercedes]
2023-05-26 12:35:02.761 [main] INFO  com.solvd.laba.lambda.Test - 3
2023-05-26 12:35:02.761 [main] INFO  com.solvd.laba.lambda.Test - 4
2023-05-26 12:35:02.761 [main] INFO  com.solvd.laba.lambda.Test - 5
2023-05-26 12:35:02.761 [main] INFO  com.solvd.laba.lambda.Test - 6
2023-05-26 12:35:02.761 [main] INFO  com.solvd.laba.lambda.Test - 7
2023-05-26 12:35:02.762 [main] INFO  com.solvd.laba.lambda.Test - 8
2023-05-26 12:35:02.762 [main] INFO  com.solvd.laba.lambda.Test - 9
2023-05-26 12:35:02.764 [main] INFO  com.solvd.laba.lambda.Test - IntSummaryStatistics{count=5, sum=147, min=1, average=29.400000, max=99}
2023-05-26 12:35:48.743 [main] DEBUG com.solvd.laba.lambda.Test - Debug Message Logged !!!
2023-05-26 12:35:48.744 [main] INFO  com.solvd.laba.lambda.Test - Info Message Logged !!!
2023-05-26 12:35:48.744 [main] ERROR com.solvd.laba.lambda.Test - Error Message Logged !!!
java.lang.NullPointerException: NullError
	at com.solvd.laba.lambda.Test.main(Test.java:32) [classes/:?]
2023-05-26 12:35:48.749 [main] DEBUG com.solvd.laba.lambda.Test - This is a debug message
2023-05-26 12:35:48.749 [main] INFO  com.solvd.laba.lambda.Test - -------------------------------------------------------
2023-05-26 12:35:48.750 [main] INFO  com.solvd.laba.lambda.Test - getColor
2023-05-26 12:35:48.750 [main] INFO  com.solvd.laba.lambda.Test - -------------------------------------------------------
2023-05-26 12:35:48.756 [main] INFO  com.solvd.laba.lambda.Test - ----------------------------------------------------------
2023-05-26 12:35:48.756 [main] INFO  com.solvd.laba.lambda.Test - -------------------------------------------------------
2023-05-26 12:35:48.756 [main] INFO  com.solvd.laba.lambda.Test - -------------------------------------------------------
2023-05-26 12:35:48.757 [main] INFO  com.solvd.laba.lambda.Test - Not Lambda
2023-05-26 12:35:48.757 [main] INFO  com.solvd.laba.lambda.Test - It's lambda
2023-05-26 12:35:48.757 [main] INFO  com.solvd.laba.lambda.Test - -------------------------------------------------------
2023-05-26 12:35:48.757 [main] INFO  com.solvd.laba.lambda.Test - Trying to print with logger
2023-05-26 12:35:48.757 [main] INFO  com.solvd.laba.lambda.Test - hi!
2023-05-26 12:35:48.758 [main] INFO  com.solvd.laba.lambda.Test - {lambda=com.solvd.laba.lambda.Test$$Lambda$116/0x0000000800212840@732d0d24, second=com.solvd.laba.lambda.Test$$Lambda$117/0x0000000800212c40@1fb19a0}
2023-05-26 12:35:48.758 [main] INFO  com.solvd.laba.lambda.Test - -------------------------------------------------------
2023-05-26 12:35:48.758 [main] DEBUG com.solvd.laba.lambda.Test - [Mercedes]
2023-05-26 12:35:48.759 [main] INFO  com.solvd.laba.lambda.Test - 3
2023-05-26 12:35:48.759 [main] INFO  com.solvd.laba.lambda.Test - 4
2023-05-26 12:35:48.759 [main] INFO  com.solvd.laba.lambda.Test - 5
2023-05-26 12:35:48.760 [main] INFO  com.solvd.laba.lambda.Test - 6
2023-05-26 12:35:48.760 [main] INFO  com.solvd.laba.lambda.Test - 7
2023-05-26 12:35:48.760 [main] INFO  com.solvd.laba.lambda.Test - 8
2023-05-26 12:35:48.760 [main] INFO  com.solvd.laba.lambda.Test - 9
2023-05-26 12:35:48.762 [main] INFO  com.solvd.laba.lambda.Test - IntSummaryStatistics{count=5, sum=147, min=1, average=29.400000, max=99}
2023-05-26 12:35:56.283 [main] DEBUG com.solvd.laba.lambda.Test - Debug Message Logged !!!
2023-05-26 12:35:56.284 [main] INFO  com.solvd.laba.lambda.Test - Info Message Logged !!!
2023-05-26 12:35:56.284 [main] ERROR com.solvd.laba.lambda.Test - Error Message Logged !!!
java.lang.NullPointerException: NullError
	at com.solvd.laba.lambda.Test.main(Test.java:32) [classes/:?]
2023-05-26 12:35:56.291 [main] DEBUG com.solvd.laba.lambda.Test - This is a debug message
2023-05-26 12:35:56.291 [main] INFO  com.solvd.laba.lambda.Test - -------------------------------------------------------
2023-05-26 12:35:56.291 [main] INFO  com.solvd.laba.lambda.Test - getColor
2023-05-26 12:35:56.291 [main] INFO  com.solvd.laba.lambda.Test - -------------------------------------------------------
2023-05-26 12:35:56.298 [main] INFO  com.solvd.laba.lambda.Test - ----------------------------------------------------------
2023-05-26 12:35:56.298 [main] INFO  com.solvd.laba.lambda.Test - -------------------------------------------------------
2023-05-26 12:35:56.298 [main] INFO  com.solvd.laba.lambda.Test - -------------------------------------------------------
2023-05-26 12:35:56.298 [main] INFO  com.solvd.laba.lambda.Test - Not Lambda
2023-05-26 12:35:56.299 [main] INFO  com.solvd.laba.lambda.Test - It's lambda
2023-05-26 12:35:56.299 [main] INFO  com.solvd.laba.lambda.Test - -------------------------------------------------------
2023-05-26 12:35:56.299 [main] INFO  com.solvd.laba.lambda.Test - Trying to print with logger
2023-05-26 12:35:56.299 [main] INFO  com.solvd.laba.lambda.Test - hi!
2023-05-26 12:35:56.300 [main] INFO  com.solvd.laba.lambda.Test - {lambda=com.solvd.laba.lambda.Test$$Lambda$116/0x0000000800212840@732d0d24, second=com.solvd.laba.lambda.Test$$Lambda$117/0x0000000800212c40@1fb19a0}
2023-05-26 12:35:56.300 [main] INFO  com.solvd.laba.lambda.Test - -------------------------------------------------------
2023-05-26 12:35:56.300 [main] DEBUG com.solvd.laba.lambda.Test - [Mercedes]
2023-05-26 12:35:56.301 [main] INFO  com.solvd.laba.lambda.Test - 3
2023-05-26 12:35:56.302 [main] INFO  com.solvd.laba.lambda.Test - 4
2023-05-26 12:35:56.302 [main] INFO  com.solvd.laba.lambda.Test - 5
2023-05-26 12:35:56.302 [main] INFO  com.solvd.laba.lambda.Test - 6
2023-05-26 12:35:56.302 [main] INFO  com.solvd.laba.lambda.Test - 7
2023-05-26 12:35:56.302 [main] INFO  com.solvd.laba.lambda.Test - 8
2023-05-26 12:35:56.302 [main] INFO  com.solvd.laba.lambda.Test - 9
2023-05-26 12:35:56.304 [main] INFO  com.solvd.laba.lambda.Test - IntSummaryStatistics{count=5, sum=147, min=1, average=29.400000, max=99}
2023-05-26 12:36:02.693 [main] DEBUG com.solvd.laba.lambda.Test - Debug Message Logged !!!
2023-05-26 12:36:02.694 [main] INFO  com.solvd.laba.lambda.Test - Info Message Logged !!!
2023-05-26 12:36:02.694 [main] ERROR com.solvd.laba.lambda.Test - Error Message Logged !!!
java.lang.NullPointerException: NullError
	at com.solvd.laba.lambda.Test.main(Test.java:32) [classes/:?]
2023-05-26 12:36:02.701 [main] DEBUG com.solvd.laba.lambda.Test - This is a debug message
2023-05-26 12:36:02.701 [main] INFO  com.solvd.laba.lambda.Test - -------------------------------------------------------
2023-05-26 12:36:02.701 [main] INFO  com.solvd.laba.lambda.Test - getColor
2023-05-26 12:36:02.701 [main] INFO  com.solvd.laba.lambda.Test - -------------------------------------------------------
2023-05-26 12:36:02.710 [main] INFO  com.solvd.laba.lambda.Test - ----------------------------------------------------------
2023-05-26 12:36:02.710 [main] INFO  com.solvd.laba.lambda.Test - -------------------------------------------------------
2023-05-26 12:36:02.711 [main] INFO  com.solvd.laba.lambda.Test - -------------------------------------------------------
2023-05-26 12:36:02.711 [main] INFO  com.solvd.laba.lambda.Test - Not Lambda
2023-05-26 12:36:02.711 [main] INFO  com.solvd.laba.lambda.Test - It's lambda
2023-05-26 12:36:02.712 [main] INFO  com.solvd.laba.lambda.Test - -------------------------------------------------------
2023-05-26 12:36:02.712 [main] INFO  com.solvd.laba.lambda.Test - Trying to print with logger
2023-05-26 12:36:02.712 [main] INFO  com.solvd.laba.lambda.Test - hi!
2023-05-26 12:36:02.712 [main] INFO  com.solvd.laba.lambda.Test - {lambda=com.solvd.laba.lambda.Test$$Lambda$116/0x0000000800212840@732d0d24, second=com.solvd.laba.lambda.Test$$Lambda$117/0x0000000800212c40@1fb19a0}
2023-05-26 12:36:02.712 [main] INFO  com.solvd.laba.lambda.Test - -------------------------------------------------------
2023-05-26 12:36:02.713 [main] DEBUG com.solvd.laba.lambda.Test - [Mercedes]
2023-05-26 12:36:02.714 [main] INFO  com.solvd.laba.lambda.Test - 3
2023-05-26 12:36:02.714 [main] INFO  com.solvd.laba.lambda.Test - 4
2023-05-26 12:36:02.714 [main] INFO  com.solvd.laba.lambda.Test - 5
2023-05-26 12:36:02.714 [main] INFO  com.solvd.laba.lambda.Test - 6
2023-05-26 12:36:02.714 [main] INFO  com.solvd.laba.lambda.Test - 7
2023-05-26 12:36:02.714 [main] INFO  com.solvd.laba.lambda.Test - 8
2023-05-26 12:36:02.714 [main] INFO  com.solvd.laba.lambda.Test - 9
2023-05-26 12:36:02.717 [main] INFO  com.solvd.laba.lambda.Test - IntSummaryStatistics{count=5, sum=147, min=1, average=29.400000, max=99}
2023-05-26 12:36:07.376 [main] DEBUG com.solvd.laba.lambda.Test - Debug Message Logged !!!
2023-05-26 12:36:07.378 [main] INFO  com.solvd.laba.lambda.Test - Info Message Logged !!!
2023-05-26 12:36:07.378 [main] ERROR com.solvd.laba.lambda.Test - Error Message Logged !!!
java.lang.NullPointerException: NullError
	at com.solvd.laba.lambda.Test.main(Test.java:32) [classes/:?]
2023-05-26 12:36:07.387 [main] DEBUG com.solvd.laba.lambda.Test - This is a debug message
2023-05-26 12:36:07.387 [main] INFO  com.solvd.laba.lambda.Test - -------------------------------------------------------
2023-05-26 12:36:07.387 [main] INFO  com.solvd.laba.lambda.Test - getColor
2023-05-26 12:36:07.387 [main] INFO  com.solvd.laba.lambda.Test - -------------------------------------------------------
2023-05-26 12:36:07.394 [main] INFO  com.solvd.laba.lambda.Test - ----------------------------------------------------------
2023-05-26 12:36:07.394 [main] INFO  com.solvd.laba.lambda.Test - -------------------------------------------------------
2023-05-26 12:36:07.395 [main] INFO  com.solvd.laba.lambda.Test - -------------------------------------------------------
2023-05-26 12:36:07.395 [main] INFO  com.solvd.laba.lambda.Test - Not Lambda
2023-05-26 12:36:07.396 [main] INFO  com.solvd.laba.lambda.Test - It's lambda
2023-05-26 12:36:07.396 [main] INFO  com.solvd.laba.lambda.Test - -------------------------------------------------------
2023-05-26 12:36:07.396 [main] INFO  com.solvd.laba.lambda.Test - Trying to print with logger
2023-05-26 12:36:07.396 [main] INFO  com.solvd.laba.lambda.Test - hi!
2023-05-26 12:36:07.397 [main] INFO  com.solvd.laba.lambda.Test - {lambda=com.solvd.laba.lambda.Test$$Lambda$116/0x0000000800212840@732d0d24, second=com.solvd.laba.lambda.Test$$Lambda$117/0x0000000800212c40@1fb19a0}
2023-05-26 12:36:07.397 [main] INFO  com.solvd.laba.lambda.Test - -------------------------------------------------------
2023-05-26 12:36:07.397 [main] DEBUG com.solvd.laba.lambda.Test - [Mercedes]
2023-05-26 12:36:07.398 [main] INFO  com.solvd.laba.lambda.Test - 3
2023-05-26 12:36:07.398 [main] INFO  com.solvd.laba.lambda.Test - 4
2023-05-26 12:36:07.399 [main] INFO  com.solvd.laba.lambda.Test - 5
2023-05-26 12:36:07.399 [main] INFO  com.solvd.laba.lambda.Test - 6
2023-05-26 12:36:07.399 [main] INFO  com.solvd.laba.lambda.Test - 7
2023-05-26 12:36:07.399 [main] INFO  com.solvd.laba.lambda.Test - 8
2023-05-26 12:36:07.399 [main] INFO  com.solvd.laba.lambda.Test - 9
2023-05-26 12:36:07.401 [main] INFO  com.solvd.laba.lambda.Test - IntSummaryStatistics{count=5, sum=147, min=1, average=29.400000, max=99}
2023-05-26 12:37:14.074 [main] DEBUG com.solvd.laba.lambda.Test - Debug Message Logged !!!
2023-05-26 12:37:14.075 [main] INFO  com.solvd.laba.lambda.Test - Info Message Logged !!!
2023-05-26 12:37:14.075 [main] ERROR com.solvd.laba.lambda.Test - Error Message Logged !!!
java.lang.NullPointerException: NullError
	at com.solvd.laba.lambda.Test.main(Test.java:32) [classes/:?]
2023-05-26 12:37:14.081 [main] DEBUG com.solvd.laba.lambda.Test - This is a debug message
2023-05-26 12:37:14.081 [main] INFO  com.solvd.laba.lambda.Test - -------------------------------------------------------
2023-05-26 12:37:14.081 [main] INFO  com.solvd.laba.lambda.Test - getColor
2023-05-26 12:37:14.081 [main] INFO  com.solvd.laba.lambda.Test - -------------------------------------------------------
2023-05-26 12:37:14.088 [main] INFO  com.solvd.laba.lambda.Test - ----------------------------------------------------------
2023-05-26 12:37:14.088 [main] INFO  com.solvd.laba.lambda.Test - -------------------------------------------------------
2023-05-26 12:37:14.088 [main] INFO  com.solvd.laba.lambda.Test - -------------------------------------------------------
2023-05-26 12:37:14.089 [main] INFO  com.solvd.laba.lambda.Test - Not Lambda
2023-05-26 12:37:14.089 [main] INFO  com.solvd.laba.lambda.Test - It's lambda
2023-05-26 12:37:14.089 [main] INFO  com.solvd.laba.lambda.Test - -------------------------------------------------------
2023-05-26 12:37:14.089 [main] INFO  com.solvd.laba.lambda.Test - Trying to print with logger
2023-05-26 12:37:14.089 [main] INFO  com.solvd.laba.lambda.Test - hi!
2023-05-26 12:37:14.090 [main] INFO  com.solvd.laba.lambda.Test - {lambda=com.solvd.laba.lambda.Test$$Lambda$116/0x0000000800212840@732d0d24, second=com.solvd.laba.lambda.Test$$Lambda$117/0x0000000800212c40@1fb19a0}
2023-05-26 12:37:14.090 [main] INFO  com.solvd.laba.lambda.Test - -------------------------------------------------------
2023-05-26 12:37:14.091 [main] DEBUG com.solvd.laba.lambda.Test - [Mercedes]
2023-05-26 12:37:14.092 [main] INFO  com.solvd.laba.lambda.Test - 3
2023-05-26 12:37:14.092 [main] INFO  com.solvd.laba.lambda.Test - 4
2023-05-26 12:37:14.092 [main] INFO  com.solvd.laba.lambda.Test - 5
2023-05-26 12:37:14.092 [main] INFO  com.solvd.laba.lambda.Test - 6
2023-05-26 12:37:14.092 [main] INFO  com.solvd.laba.lambda.Test - 7
2023-05-26 12:37:14.092 [main] INFO  com.solvd.laba.lambda.Test - 8
2023-05-26 12:37:14.092 [main] INFO  com.solvd.laba.lambda.Test - 9
2023-05-26 12:37:14.095 [main] INFO  com.solvd.laba.lambda.Test - IntSummaryStatistics{count=5, sum=147, min=1, average=29.400000, max=99}
2023-05-26 12:42:14.375 [main] INFO  com.solvd.laba.enums.TestEnumsRunner - -----------------------------------------
2023-05-26 12:44:03.435 [main] INFO  com.solvd.laba.enums.TestEnumsRunner - -----------------------------------------
2023-05-26 12:44:10.837 [main] INFO  java.util.concurrent.CompletableFuture - supplier is done pool-2-thread-1
2023-05-26 12:44:10.837 [pool-2-thread-1] INFO  java.util.concurrent.CompletableFuture - Runnable is executed pool-2-thread-1
2023-05-26 12:49:39.113 [main] INFO  com.solvd.laba.lambda.LambdaFunctionGenerics - !!scireneG htiw adbmaL
2023-05-26 12:50:17.179 [main] INFO  com.solvd.laba.lambda.LambdaFunctionGenerics - !!scireneG htiw adbmaL
2023-05-26 12:50:17.181 [main] INFO  com.solvd.laba.lambda.LambdaFunctionGenerics - ConcatenateThis!
2023-05-26 12:50:17.181 [main] INFO  com.solvd.laba.lambda.LambdaFunctionGenerics - 9
2023-05-26 12:51:13.142 [main] DEBUG com.solvd.laba.lambda.Test - Debug Message Logged !!!
2023-05-26 12:51:13.143 [main] INFO  com.solvd.laba.lambda.Test - Info Message Logged !!!
2023-05-26 12:51:13.143 [main] ERROR com.solvd.laba.lambda.Test - Error Message Logged !!!
java.lang.NullPointerException: NullError
	at com.solvd.laba.lambda.Test.main(Test.java:32) [classes/:?]
2023-05-26 12:51:13.148 [main] DEBUG com.solvd.laba.lambda.Test - This is a debug message
2023-05-26 12:51:13.148 [main] INFO  com.solvd.laba.lambda.Test - -------------------------------------------------------
2023-05-26 12:51:13.148 [main] INFO  com.solvd.laba.lambda.Test - getColor
2023-05-26 12:51:13.148 [main] INFO  com.solvd.laba.lambda.Test - -------------------------------------------------------
2023-05-26 12:51:13.156 [main] INFO  com.solvd.laba.lambda.Test - ----------------------------------------------------------
2023-05-26 12:51:13.156 [main] INFO  com.solvd.laba.lambda.Test - -------------------------------------------------------
2023-05-26 12:51:13.157 [main] INFO  com.solvd.laba.lambda.Test - -------------------------------------------------------
2023-05-26 12:51:13.157 [main] INFO  com.solvd.laba.lambda.Test - Not Lambda
2023-05-26 12:51:13.157 [main] INFO  com.solvd.laba.lambda.Test - It's lambda
2023-05-26 12:51:13.157 [main] INFO  com.solvd.laba.lambda.Test - -------------------------------------------------------
2023-05-26 12:51:13.158 [main] INFO  com.solvd.laba.lambda.Test - Trying to print with logger
2023-05-26 12:51:13.158 [main] INFO  com.solvd.laba.lambda.Test - hi!
2023-05-26 12:51:13.158 [main] INFO  com.solvd.laba.lambda.Test - {lambda=com.solvd.laba.lambda.Test$$Lambda$116/0x0000000800212840@732d0d24, second=com.solvd.laba.lambda.Test$$Lambda$117/0x0000000800212c40@1fb19a0}
2023-05-26 12:51:13.158 [main] INFO  com.solvd.laba.lambda.Test - -------------------------------------------------------
2023-05-26 12:51:13.159 [main] DEBUG com.solvd.laba.lambda.Test - [Mercedes]
2023-05-26 12:51:13.160 [main] INFO  com.solvd.laba.lambda.Test - 3
2023-05-26 12:51:13.160 [main] INFO  com.solvd.laba.lambda.Test - 4
2023-05-26 12:51:13.161 [main] INFO  com.solvd.laba.lambda.Test - 5
2023-05-26 12:51:13.161 [main] INFO  com.solvd.laba.lambda.Test - 6
2023-05-26 12:51:13.161 [main] INFO  com.solvd.laba.lambda.Test - 7
2023-05-26 12:51:13.161 [main] INFO  com.solvd.laba.lambda.Test - 8
2023-05-26 12:51:13.161 [main] INFO  com.solvd.laba.lambda.Test - 9
2023-05-26 12:51:13.166 [main] INFO  com.solvd.laba.lambda.Test - IntSummaryStatistics{count=5, sum=147, min=1, average=29.400000, max=99}
2023-05-26 12:55:25.160 [main] INFO  com.solvd.laba.lambda.LambdaFunctionGenerics - 8
2023-05-26 12:56:01.904 [main] INFO  com.solvd.laba.lambda.LambdaFunctionGenerics - 8
2023-05-26 12:56:01.906 [main] INFO  com.solvd.laba.lambda.LambdaFunctionGenerics - 30
2023-05-26 12:56:01.906 [main] INFO  com.solvd.laba.lambda.LambdaFunctionGenerics - 100
2023-05-26 12:57:09.736 [main] INFO  com.solvd.laba.lambda.LambdaFunctionGenerics - 8
2023-05-26 12:57:09.738 [main] INFO  com.solvd.laba.lambda.LambdaFunctionGenerics - 30
2023-05-26 12:57:09.738 [main] INFO  com.solvd.laba.lambda.LambdaFunctionGenerics - 100
2023-05-26 12:57:09.739 [main] INFO  com.solvd.laba.lambda.LambdaFunctionGenerics - LambdaExercise!
2023-05-26 12:57:09.739 [main] INFO  com.solvd.laba.lambda.LambdaFunctionGenerics - 6
2023-05-26 13:01:01.170 [main] INFO  com.solvd.laba.concurrency.ThreadMain - Callable is not finished yet
2023-05-26 13:01:01.171 [main] INFO  com.solvd.laba.concurrency.ThreadMain - Callable is executed on service
2023-05-26 13:01:01.173 [main] INFO  com.solvd.laba.concurrency.ThreadMain - Main thread message: 1
2023-05-26 13:01:02.175 [pool-2-thread-2] INFO  com.solvd.laba.concurrency.ThreadMain - Custom thread (thread) message: 18
2023-05-26 13:01:02.175 [pool-2-thread-1] INFO  com.solvd.laba.concurrency.ThreadMain - Custom thread (runnable) message: 17
2023-05-26 13:07:58.808 [main] INFO  com.solvd.laba.enums.Test1 - I ordered a large pizza
2023-05-26 13:07:58.809 [main] INFO  com.solvd.laba.enums.TestEnumsRunner - -----------------------------------------
2023-05-26 13:07:58.810 [main] INFO  com.solvd.laba.enums.Test2 - We have small and medium pizza at the moment!
2023-05-26 13:10:06.113 [main] INFO  com.solvd.laba.enums.Test1 - I ordered a large pizza
2023-05-26 13:10:06.114 [main] INFO  com.solvd.laba.enums.Test1 - I ordered a medium size pizza
2023-05-26 13:10:06.114 [main] INFO  com.solvd.laba.enums.TestEnumsRunner - -----------------------------------------
2023-05-26 13:10:06.115 [main] INFO  com.solvd.laba.enums.Test2 - We have small and medium pizza at the moment!
2023-05-26 13:25:30.490 [main] INFO  com.solvd.laba.enums.Test1 - I ordered a large pizza
2023-05-26 13:25:30.492 [main] INFO  com.solvd.laba.enums.Test1 - I ordered a medium size pizza
2023-05-26 13:25:30.492 [main] INFO  com.solvd.laba.enums.TestEnumsRunner - -----------------------------------------
2023-05-26 13:25:30.492 [main] INFO  com.solvd.laba.enums.Test2 - We have small and medium pizza at the moment!
2023-05-26 13:25:36.255 [main] DEBUG com.solvd.laba.lambda.Test - Debug Message Logged !!!
2023-05-26 13:25:36.256 [main] INFO  com.solvd.laba.lambda.Test - Info Message Logged !!!
2023-05-26 13:25:36.257 [main] ERROR com.solvd.laba.lambda.Test - Error Message Logged !!!
java.lang.NullPointerException: NullError
	at com.solvd.laba.lambda.Test.main(Test.java:32) [classes/:?]
2023-05-26 13:25:36.263 [main] DEBUG com.solvd.laba.lambda.Test - This is a debug message
2023-05-26 13:25:36.263 [main] INFO  com.solvd.laba.lambda.Test - -------------------------------------------------------
2023-05-26 13:25:36.263 [main] INFO  com.solvd.laba.lambda.Test - getColor
2023-05-26 13:25:36.263 [main] INFO  com.solvd.laba.lambda.Test - -------------------------------------------------------
2023-05-26 13:25:36.270 [main] INFO  com.solvd.laba.lambda.Test - ----------------------------------------------------------
2023-05-26 13:25:36.270 [main] INFO  com.solvd.laba.lambda.Test - -------------------------------------------------------
2023-05-26 13:25:36.270 [main] INFO  com.solvd.laba.lambda.Test - -------------------------------------------------------
2023-05-26 13:25:36.271 [main] INFO  com.solvd.laba.lambda.Test - Not Lambda
2023-05-26 13:25:36.271 [main] INFO  com.solvd.laba.lambda.Test - It's lambda
2023-05-26 13:25:36.271 [main] INFO  com.solvd.laba.lambda.Test - -------------------------------------------------------
2023-05-26 13:25:36.271 [main] INFO  com.solvd.laba.lambda.Test - Trying to print with logger
2023-05-26 13:25:36.271 [main] INFO  com.solvd.laba.lambda.Test - hi!
2023-05-26 13:25:36.272 [main] INFO  com.solvd.laba.lambda.Test - {lambda=com.solvd.laba.lambda.Test$$Lambda$116/0x0000000800212840@732d0d24, second=com.solvd.laba.lambda.Test$$Lambda$117/0x0000000800212c40@1fb19a0}
2023-05-26 13:25:36.272 [main] INFO  com.solvd.laba.lambda.Test - -------------------------------------------------------
2023-05-26 13:25:36.273 [main] DEBUG com.solvd.laba.lambda.Test - [Mercedes]
2023-05-26 13:25:36.274 [main] INFO  com.solvd.laba.lambda.Test - 3
2023-05-26 13:25:36.274 [main] INFO  com.solvd.laba.lambda.Test - 4
2023-05-26 13:25:36.275 [main] INFO  com.solvd.laba.lambda.Test - 5
2023-05-26 13:25:36.275 [main] INFO  com.solvd.laba.lambda.Test - 6
2023-05-26 13:25:36.275 [main] INFO  com.solvd.laba.lambda.Test - 7
2023-05-26 13:25:36.275 [main] INFO  com.solvd.laba.lambda.Test - 8
2023-05-26 13:25:36.275 [main] INFO  com.solvd.laba.lambda.Test - 9
2023-05-26 13:25:36.277 [main] INFO  com.solvd.laba.lambda.Test - IntSummaryStatistics{count=5, sum=147, min=1, average=29.400000, max=99}
2023-05-26 20:43:24.018 [main] DEBUG com.solvd.laba.lambda.Test - Debug Message Logged !!!
2023-05-26 20:43:24.020 [main] INFO  com.solvd.laba.lambda.Test - Info Message Logged !!!
2023-05-26 20:43:24.020 [main] ERROR com.solvd.laba.lambda.Test - Error Message Logged !!!
java.lang.NullPointerException: NullError
	at com.solvd.laba.lambda.Test.main(Test.java:32) [classes/:?]
2023-05-26 20:43:24.027 [main] DEBUG com.solvd.laba.lambda.Test - This is a debug message
2023-05-26 20:43:24.027 [main] INFO  com.solvd.laba.lambda.Test - -------------------------------------------------------
2023-05-26 20:43:24.027 [main] INFO  com.solvd.laba.lambda.Test - getColor
2023-05-26 20:43:24.027 [main] INFO  com.solvd.laba.lambda.Test - -------------------------------------------------------
2023-05-26 20:43:24.035 [main] INFO  com.solvd.laba.lambda.Test - ----------------------------------------------------------
2023-05-26 20:43:24.036 [main] INFO  com.solvd.laba.lambda.Test - -------------------------------------------------------
2023-05-26 20:43:24.036 [main] INFO  com.solvd.laba.lambda.Test - -------------------------------------------------------
2023-05-26 20:43:24.036 [main] INFO  com.solvd.laba.lambda.Test - Not Lambda
2023-05-26 20:43:24.037 [main] INFO  com.solvd.laba.lambda.Test - It's lambda
2023-05-26 20:43:24.037 [main] INFO  com.solvd.laba.lambda.Test - -------------------------------------------------------
2023-05-26 20:43:24.037 [main] INFO  com.solvd.laba.lambda.Test - Trying to print with logger
2023-05-26 20:43:24.038 [main] INFO  com.solvd.laba.lambda.Test - hi!
2023-05-26 20:43:24.038 [main] INFO  com.solvd.laba.lambda.Test - {lambda=com.solvd.laba.lambda.Test$$Lambda$116/0x0000000800212840@732d0d24, second=com.solvd.laba.lambda.Test$$Lambda$117/0x0000000800212c40@1fb19a0}
2023-05-26 20:43:24.038 [main] INFO  com.solvd.laba.lambda.Test - -------------------------------------------------------
2023-05-26 20:43:24.039 [main] DEBUG com.solvd.laba.lambda.Test - [Mercedes]
2023-05-26 20:43:24.041 [main] INFO  com.solvd.laba.lambda.Test - 3
2023-05-26 20:43:24.041 [main] INFO  com.solvd.laba.lambda.Test - 4
2023-05-26 20:43:24.041 [main] INFO  com.solvd.laba.lambda.Test - 5
2023-05-26 20:43:24.041 [main] INFO  com.solvd.laba.lambda.Test - 6
2023-05-26 20:43:24.041 [main] INFO  com.solvd.laba.lambda.Test - 7
2023-05-26 20:43:24.041 [main] INFO  com.solvd.laba.lambda.Test - 8
2023-05-26 20:43:24.041 [main] INFO  com.solvd.laba.lambda.Test - 9
2023-05-26 20:43:24.043 [main] INFO  com.solvd.laba.lambda.Test - IntSummaryStatistics{count=5, sum=147, min=1, average=29.400000, max=99}
2023-05-26 20:43:38.743 [main] DEBUG com.solvd.laba.lambda.Test - Debug Message Logged !!!
2023-05-26 20:43:38.744 [main] INFO  com.solvd.laba.lambda.Test - Info Message Logged !!!
2023-05-26 20:43:38.744 [main] ERROR com.solvd.laba.lambda.Test - Error Message Logged !!!
java.lang.NullPointerException: NullError
	at com.solvd.laba.lambda.Test.main(Test.java:32) [classes/:?]
2023-05-26 20:43:38.752 [main] DEBUG com.solvd.laba.lambda.Test - This is a debug message
2023-05-26 20:43:38.752 [main] INFO  com.solvd.laba.lambda.Test - -------------------------------------------------------
2023-05-26 20:43:38.752 [main] INFO  com.solvd.laba.lambda.Test - getColor
2023-05-26 20:43:38.752 [main] INFO  com.solvd.laba.lambda.Test - -------------------------------------------------------
2023-05-26 20:43:38.759 [main] INFO  com.solvd.laba.lambda.Test - ----------------------------------------------------------
2023-05-26 20:43:38.760 [main] INFO  com.solvd.laba.lambda.Test - -------------------------------------------------------
2023-05-26 20:43:38.760 [main] INFO  com.solvd.laba.lambda.Test - -------------------------------------------------------
2023-05-26 20:43:38.760 [main] INFO  com.solvd.laba.lambda.Test - Not Lambda
2023-05-26 20:43:38.761 [main] INFO  com.solvd.laba.lambda.Test - It's lambda
2023-05-26 20:43:38.761 [main] INFO  com.solvd.laba.lambda.Test - -------------------------------------------------------
2023-05-26 20:43:38.761 [main] INFO  com.solvd.laba.lambda.Test - Trying to print with logger
2023-05-26 20:43:38.761 [main] INFO  com.solvd.laba.lambda.Test - hi!
2023-05-26 20:43:38.761 [main] INFO  com.solvd.laba.lambda.Test - {lambda=com.solvd.laba.lambda.Test$$Lambda$116/0x0000000800212840@732d0d24, second=com.solvd.laba.lambda.Test$$Lambda$117/0x0000000800212c40@1fb19a0}
2023-05-26 20:43:38.761 [main] INFO  com.solvd.laba.lambda.Test - -------------------------------------------------------
2023-05-26 20:43:38.762 [main] DEBUG com.solvd.laba.lambda.Test - [Mercedes]
2023-05-26 20:43:38.763 [main] INFO  com.solvd.laba.lambda.Test - 3
2023-05-26 20:43:38.763 [main] INFO  com.solvd.laba.lambda.Test - 4
2023-05-26 20:43:38.763 [main] INFO  com.solvd.laba.lambda.Test - 5
2023-05-26 20:43:38.763 [main] INFO  com.solvd.laba.lambda.Test - 6
2023-05-26 20:43:38.763 [main] INFO  com.solvd.laba.lambda.Test - 7
2023-05-26 20:43:38.763 [main] INFO  com.solvd.laba.lambda.Test - 8
2023-05-26 20:43:38.764 [main] INFO  com.solvd.laba.lambda.Test - 9
2023-05-26 20:43:38.766 [main] INFO  com.solvd.laba.lambda.Test - IntSummaryStatistics{count=5, sum=147, min=1, average=29.400000, max=99}
2023-05-26 20:54:23.095 [main] INFO  com.solvd.laba.concurrency.ThreadMain - Callable is not finished yet
2023-05-26 20:54:23.096 [main] INFO  com.solvd.laba.concurrency.ThreadMain - Callable is executed on service
2023-05-26 20:54:23.098 [main] INFO  com.solvd.laba.concurrency.ThreadMain - Main thread message: 1
2023-05-26 20:54:24.098 [pool-2-thread-2] INFO  com.solvd.laba.concurrency.ThreadMain - Custom thread (thread) message: 18
2023-05-26 20:54:24.098 [pool-2-thread-1] INFO  com.solvd.laba.concurrency.ThreadMain - Custom thread (runnable) message: 17
