2023-06-06 06:56:56.455 [main] DEBUG com.solvd.laba.lambda.Test - Debug Message Logged !!!
2023-06-06 06:56:56.456 [main] INFO  com.solvd.laba.lambda.Test - Info Message Logged !!!
2023-06-06 06:56:56.456 [main] ERROR com.solvd.laba.lambda.Test - Error Message Logged !!!
java.lang.NullPointerException: NullError
	at com.solvd.laba.lambda.Test.main(Test.java:31) [classes/:?]
2023-06-06 06:56:56.463 [main] DEBUG com.solvd.laba.lambda.Test - This is a debug message
2023-06-06 06:56:56.463 [main] INFO  com.solvd.laba.lambda.Test - -------------------------------------------------------
2023-06-06 06:56:56.464 [main] INFO  com.solvd.laba.lambda.Test - getColor
2023-06-06 06:56:56.464 [main] INFO  com.solvd.laba.lambda.Test - -------------------------------------------------------
2023-06-06 06:56:56.469 [main] INFO  com.solvd.laba.lambda.Test - ----------------------------------------------------------
2023-06-06 06:56:56.469 [main] INFO  com.solvd.laba.lambda.Test - -------------------------------------------------------
2023-06-06 06:56:56.469 [main] INFO  com.solvd.laba.lambda.Test - -------------------------------------------------------
2023-06-06 06:56:56.469 [main] INFO  com.solvd.laba.lambda.Test - Not Lambda
2023-06-06 06:56:56.470 [main] INFO  com.solvd.laba.lambda.Test - It's lambda
2023-06-06 06:56:56.470 [main] INFO  com.solvd.laba.lambda.Test - -------------------------------------------------------
2023-06-06 06:56:56.470 [main] INFO  com.solvd.laba.lambda.Test - Trying to print with logger
2023-06-06 06:56:56.470 [main] INFO  com.solvd.laba.lambda.Test - hi!
2023-06-06 06:56:56.471 [main] INFO  com.solvd.laba.lambda.Test - {lambda=com.solvd.laba.lambda.Test$$Lambda$116/0x0000000800212840@75d2da2d, second=com.solvd.laba.lambda.Test$$Lambda$117/0x0000000800212c40@4278284b}
2023-06-06 06:56:56.471 [main] INFO  com.solvd.laba.lambda.Test - [Mercedes]
2023-06-06 06:56:56.471 [main] INFO  com.solvd.laba.lambda.Test - -------------------------------------------------------
2023-06-06 06:56:56.472 [main] DEBUG com.solvd.laba.lambda.Test - [Mercedes]
2023-06-06 06:56:56.473 [main] INFO  com.solvd.laba.lambda.Test - 3
2023-06-06 06:56:56.473 [main] INFO  com.solvd.laba.lambda.Test - 4
2023-06-06 06:56:56.473 [main] INFO  com.solvd.laba.lambda.Test - 5
2023-06-06 06:56:56.473 [main] INFO  com.solvd.laba.lambda.Test - 6
2023-06-06 06:56:56.473 [main] INFO  com.solvd.laba.lambda.Test - 7
2023-06-06 06:56:56.473 [main] INFO  com.solvd.laba.lambda.Test - 8
2023-06-06 06:56:56.474 [main] INFO  com.solvd.laba.lambda.Test - 9
2023-06-06 06:56:56.476 [main] INFO  com.solvd.laba.lambda.Test - IntSummaryStatistics{count=5, sum=147, min=1, average=29.400000, max=99}
