2023-06-23 05:13:49.417 [main] INFO  com.solvd.laba.xml.CarXmlParserRunner - Car ID: 1
2023-06-23 05:13:49.418 [main] INFO  com.solvd.laba.xml.CarXmlParserRunner - Brand: Toyota
2023-06-23 05:13:49.418 [main] INFO  com.solvd.laba.xml.CarXmlParserRunner - Model: Camry
2023-06-23 05:13:49.418 [main] INFO  com.solvd.laba.xml.CarXmlParserRunner - Year: 2022
2023-06-23 05:13:49.418 [main] INFO  com.solvd.laba.xml.CarXmlParserRunner - Price: 25000
2023-06-23 05:13:49.419 [main] INFO  com.solvd.laba.xml.CarXmlParserRunner - Current Date: 2023/06/23 05:13:49
2023-06-23 05:13:49.419 [main] INFO  com.solvd.laba.xml.CarXmlParserRunner - ---------------------------------------------
2023-06-23 05:13:49.419 [main] INFO  com.solvd.laba.xml.CarXmlParserRunner - Car ID: 2
2023-06-23 05:13:49.419 [main] INFO  com.solvd.laba.xml.CarXmlParserRunner - Brand: Nissan
2023-06-23 05:13:49.419 [main] INFO  com.solvd.laba.xml.CarXmlParserRunner - Model: Altima
2023-06-23 05:13:49.419 [main] INFO  com.solvd.laba.xml.CarXmlParserRunner - Year: 2023
2023-06-23 05:13:49.419 [main] INFO  com.solvd.laba.xml.CarXmlParserRunner - Price: 15000
2023-06-23 05:13:49.419 [main] INFO  com.solvd.laba.xml.CarXmlParserRunner - Current Date: 2023/06/23 05:13:49
2023-06-23 05:13:49.419 [main] INFO  com.solvd.laba.xml.CarXmlParserRunner - ---------------------------------------------
2023-06-23 05:13:49.419 [main] INFO  com.solvd.laba.xml.CarXmlParserRunner - Car ID: 3
2023-06-23 05:13:49.419 [main] INFO  com.solvd.laba.xml.CarXmlParserRunner - Brand: BMW
2023-06-23 05:13:49.419 [main] INFO  com.solvd.laba.xml.CarXmlParserRunner - Model: X5
2023-06-23 05:13:49.419 [main] INFO  com.solvd.laba.xml.CarXmlParserRunner - Year: 2000
2023-06-23 05:13:49.419 [main] INFO  com.solvd.laba.xml.CarXmlParserRunner - Price: 8000
2023-06-23 05:13:49.419 [main] INFO  com.solvd.laba.xml.CarXmlParserRunner - Current Date: 2023/06/23 05:13:49
2023-06-23 05:13:49.419 [main] INFO  com.solvd.laba.xml.CarXmlParserRunner - ---------------------------------------------
2023-06-23 05:13:49.420 [main] INFO  com.solvd.laba.xml.CarXmlParserRunner - Electric Car ID: 4
2023-06-23 05:13:49.420 [main] INFO  com.solvd.laba.xml.CarXmlParserRunner - Brand: Tesla
2023-06-23 05:13:49.420 [main] INFO  com.solvd.laba.xml.CarXmlParserRunner - Model: Model 3
2023-06-23 05:13:49.420 [main] INFO  com.solvd.laba.xml.CarXmlParserRunner - BatteryCapacity: -5082
2023-06-23 05:13:49.420 [main] INFO  com.solvd.laba.xml.CarXmlParserRunner - Price: 29000
2023-06-23 05:13:49.420 [main] INFO  com.solvd.laba.xml.CarXmlParserRunner - Current Date: 2023/06/23 05:13:49
2023-06-23 05:13:49.420 [main] INFO  com.solvd.laba.xml.CarXmlParserRunner - ---------------------------------------------------------------
2023-06-23 05:13:49.420 [main] INFO  com.solvd.laba.xml.CarXmlParserRunner - Electric Car ID: 5
2023-06-23 05:13:49.420 [main] INFO  com.solvd.laba.xml.CarXmlParserRunner - Brand: Tesla
2023-06-23 05:13:49.420 [main] INFO  com.solvd.laba.xml.CarXmlParserRunner - Model: Model X
2023-06-23 05:13:49.421 [main] INFO  com.solvd.laba.xml.CarXmlParserRunner - BatteryCapacity: 100
2023-06-23 05:13:49.421 [main] INFO  com.solvd.laba.xml.CarXmlParserRunner - Price: 60000
2023-06-23 05:13:49.421 [main] INFO  com.solvd.laba.xml.CarXmlParserRunner - Current Date: 2023/06/23 05:13:49
2023-06-23 05:13:49.421 [main] INFO  com.solvd.laba.xml.CarXmlParserRunner - ---------------------------------------------------------------
2023-06-23 05:13:49.421 [main] INFO  com.solvd.laba.xml.CarXmlParserRunner - Electric Car ID: 6
2023-06-23 05:13:49.421 [main] INFO  com.solvd.laba.xml.CarXmlParserRunner - Brand: Tesla
2023-06-23 05:13:49.421 [main] INFO  com.solvd.laba.xml.CarXmlParserRunner - Model: Model Y
2023-06-23 05:13:49.421 [main] INFO  com.solvd.laba.xml.CarXmlParserRunner - BatteryCapacity: 81
2023-06-23 05:13:49.421 [main] INFO  com.solvd.laba.xml.CarXmlParserRunner - Price: 50000
2023-06-23 05:13:49.421 [main] INFO  com.solvd.laba.xml.CarXmlParserRunner - Current Date: 2023/06/23 05:13:49
2023-06-23 05:13:49.421 [main] INFO  com.solvd.laba.xml.CarXmlParserRunner - ---------------------------------------------------------------
2023-06-23 05:13:49.421 [main] INFO  com.solvd.laba.xml.CarXmlParserRunner - Gasoline Car ID: 7
2023-06-23 05:13:49.421 [main] INFO  com.solvd.laba.xml.CarXmlParserRunner - Brand: Nissan
2023-06-23 05:13:49.421 [main] INFO  com.solvd.laba.xml.CarXmlParserRunner - Model: Versa
2023-06-23 05:13:49.422 [main] INFO  com.solvd.laba.xml.CarXmlParserRunner - Fuel economy: 35
2023-06-23 05:13:49.422 [main] INFO  com.solvd.laba.xml.CarXmlParserRunner - Price: 15000
2023-06-23 05:13:49.422 [main] INFO  com.solvd.laba.xml.CarXmlParserRunner - Current Date: 2023/06/23 05:13:49
2023-06-23 05:13:49.422 [main] INFO  com.solvd.laba.xml.CarXmlParserRunner - -------------------------------------------------------
2023-06-23 05:13:49.422 [main] INFO  com.solvd.laba.xml.CarXmlParserRunner - Gasoline Car ID: 8
2023-06-23 05:13:49.422 [main] INFO  com.solvd.laba.xml.CarXmlParserRunner - Brand: Mitsubishi
2023-06-23 05:13:49.422 [main] INFO  com.solvd.laba.xml.CarXmlParserRunner - Model: Mirage
2023-06-23 05:13:49.422 [main] INFO  com.solvd.laba.xml.CarXmlParserRunner - Fuel economy: 39
2023-06-23 05:13:49.422 [main] INFO  com.solvd.laba.xml.CarXmlParserRunner - Price: 16000
2023-06-23 05:13:49.422 [main] INFO  com.solvd.laba.xml.CarXmlParserRunner - Current Date: 2023/06/23 05:13:49
2023-06-23 05:13:49.422 [main] INFO  com.solvd.laba.xml.CarXmlParserRunner - -------------------------------------------------------
2023-06-23 05:13:49.422 [main] INFO  com.solvd.laba.xml.CarXmlParserRunner - Gasoline Car ID: 9
2023-06-23 05:13:49.422 [main] INFO  com.solvd.laba.xml.CarXmlParserRunner - Brand: Kia
2023-06-23 05:13:49.422 [main] INFO  com.solvd.laba.xml.CarXmlParserRunner - Model: Rio
2023-06-23 05:13:49.423 [main] INFO  com.solvd.laba.xml.CarXmlParserRunner - Fuel economy: 36
2023-06-23 05:13:49.423 [main] INFO  com.solvd.laba.xml.CarXmlParserRunner - Price: 16750
2023-06-23 05:13:49.423 [main] INFO  com.solvd.laba.xml.CarXmlParserRunner - Current Date: 2023/06/23 05:13:49
2023-06-23 05:13:49.423 [main] INFO  com.solvd.laba.xml.CarXmlParserRunner - -------------------------------------------------------
2023-06-23 05:13:49.423 [main] INFO  com.solvd.laba.xml.CarXmlParserRunner - Sports Car ID: 10
2023-06-23 05:13:49.423 [main] INFO  com.solvd.laba.xml.CarXmlParserRunner - Brand: Porsche
2023-06-23 05:13:49.423 [main] INFO  com.solvd.laba.xml.CarXmlParserRunner - Model: Cayman
2023-06-23 05:13:49.424 [main] INFO  com.solvd.laba.xml.CarXmlParserRunner - Top Speed: 200
2023-06-23 05:13:49.424 [main] INFO  com.solvd.laba.xml.CarXmlParserRunner - Price: 63400
2023-06-23 05:13:49.424 [main] INFO  com.solvd.laba.xml.CarXmlParserRunner - Current Date: 2023/06/23 05:13:49
2023-06-23 05:13:49.424 [main] INFO  com.solvd.laba.xml.CarXmlParserRunner - --------------------------------------------
2023-06-23 05:13:49.424 [main] INFO  com.solvd.laba.xml.CarXmlParserRunner - Sports Car ID: 11
2023-06-23 05:13:49.424 [main] INFO  com.solvd.laba.xml.CarXmlParserRunner - Brand: Aston Martin
2023-06-23 05:13:49.424 [main] INFO  com.solvd.laba.xml.CarXmlParserRunner - Model: Valkyrie AMR Pro
2023-06-23 05:13:49.424 [main] INFO  com.solvd.laba.xml.CarXmlParserRunner - Top Speed: 250
2023-06-23 05:13:49.424 [main] INFO  com.solvd.laba.xml.CarXmlParserRunner - Price: 55000
2023-06-23 05:13:49.424 [main] INFO  com.solvd.laba.xml.CarXmlParserRunner - Current Date: 2023/06/23 05:13:49
2023-06-23 05:13:49.424 [main] INFO  com.solvd.laba.xml.CarXmlParserRunner - --------------------------------------------
2023-06-23 05:13:49.424 [main] INFO  com.solvd.laba.xml.CarXmlParserRunner - Sports Car ID: 12
2023-06-23 05:13:49.424 [main] INFO  com.solvd.laba.xml.CarXmlParserRunner - Brand: Saleen
2023-06-23 05:13:49.424 [main] INFO  com.solvd.laba.xml.CarXmlParserRunner - Model: S7 Twin-Turbo
2023-06-23 05:13:49.424 [main] INFO  com.solvd.laba.xml.CarXmlParserRunner - Top Speed: 248
2023-06-23 05:13:49.425 [main] INFO  com.solvd.laba.xml.CarXmlParserRunner - Price: 80000
2023-06-23 05:13:49.425 [main] INFO  com.solvd.laba.xml.CarXmlParserRunner - Current Date: 2023/06/23 05:13:49
2023-06-23 05:13:49.425 [main] INFO  com.solvd.laba.xml.CarXmlParserRunner - --------------------------------------------
2023-06-23 05:13:49.425 [main] INFO  com.solvd.laba.xml.CarXmlParserRunner - Used Car ID: 13
2023-06-23 05:13:49.425 [main] INFO  com.solvd.laba.xml.CarXmlParserRunner - Brand: Subaru
2023-06-23 05:13:49.425 [main] INFO  com.solvd.laba.xml.CarXmlParserRunner - Model: Ascent
2023-06-23 05:13:49.425 [main] INFO  com.solvd.laba.xml.CarXmlParserRunner - Mileage: 19000
2023-06-23 05:13:49.425 [main] INFO  com.solvd.laba.xml.CarXmlParserRunner - Price: 32000
2023-06-23 05:13:49.425 [main] INFO  com.solvd.laba.xml.CarXmlParserRunner - Current Date: 2023/06/23 05:13:49
2023-06-23 05:13:49.425 [main] INFO  com.solvd.laba.xml.CarXmlParserRunner - -------------------------------------------
2023-06-23 05:13:49.426 [main] INFO  com.solvd.laba.xml.CarXmlParserRunner - Used Car ID: 14
2023-06-23 05:13:49.426 [main] INFO  com.solvd.laba.xml.CarXmlParserRunner - Brand: Chevrolet
2023-06-23 05:13:49.426 [main] INFO  com.solvd.laba.xml.CarXmlParserRunner - Model: Camaro
2023-06-23 05:13:49.426 [main] INFO  com.solvd.laba.xml.CarXmlParserRunner - Mileage: 6794
2023-06-23 05:13:49.426 [main] INFO  com.solvd.laba.xml.CarXmlParserRunner - Price: 48000
2023-06-23 05:13:49.426 [main] INFO  com.solvd.laba.xml.CarXmlParserRunner - Current Date: 2023/06/23 05:13:49
2023-06-23 05:13:49.426 [main] INFO  com.solvd.laba.xml.CarXmlParserRunner - -------------------------------------------
2023-06-23 05:13:49.426 [main] INFO  com.solvd.laba.xml.CarXmlParserRunner - Used Car ID: 15
2023-06-23 05:13:49.426 [main] INFO  com.solvd.laba.xml.CarXmlParserRunner - Brand: Alfa Romeo
2023-06-23 05:13:49.426 [main] INFO  com.solvd.laba.xml.CarXmlParserRunner - Model: Stelvio
2023-06-23 05:13:49.426 [main] INFO  com.solvd.laba.xml.CarXmlParserRunner - Mileage: 20000
2023-06-23 05:13:49.426 [main] INFO  com.solvd.laba.xml.CarXmlParserRunner - Price: 32560
2023-06-23 05:13:49.426 [main] INFO  com.solvd.laba.xml.CarXmlParserRunner - Current Date: 2023/06/23 05:13:49
2023-06-23 05:13:49.426 [main] INFO  com.solvd.laba.xml.CarXmlParserRunner - -------------------------------------------
2023-06-23 16:22:53.067 [main] INFO  com.solvd.laba.database.ConnectionPool - The connection was retrieved: com.mysql.cj.jdbc.ConnectionImpl@a7e2d9d
2023-06-23 16:22:53.069 [main] INFO  com.solvd.laba.database.ConnectionPool - The connection was retrieved: com.mysql.cj.jdbc.ConnectionImpl@62417a16
2023-06-23 16:22:53.084 [main] ERROR jdbc.com.solvd.laba.database.CarDAO - Error occurred while retrieving car:
java.sql.SQLException: Column 'price' not found.
	at com.mysql.cj.jdbc.exceptions.SQLError.createSQLException(SQLError.java:130) ~[mysql-connector-j-8.0.33.jar:8.0.33]
	at com.mysql.cj.jdbc.exceptions.SQLError.createSQLException(SQLError.java:98) ~[mysql-connector-j-8.0.33.jar:8.0.33]
	at com.mysql.cj.jdbc.exceptions.SQLError.createSQLException(SQLError.java:90) ~[mysql-connector-j-8.0.33.jar:8.0.33]
	at com.mysql.cj.jdbc.exceptions.SQLError.createSQLException(SQLError.java:64) ~[mysql-connector-j-8.0.33.jar:8.0.33]
	at com.mysql.cj.jdbc.result.ResultSetImpl.findColumn(ResultSetImpl.java:584) ~[mysql-connector-j-8.0.33.jar:8.0.33]
	at com.mysql.cj.jdbc.result.ResultSetImpl.getInt(ResultSetImpl.java:851) ~[mysql-connector-j-8.0.33.jar:8.0.33]
	at jdbc.com.solvd.laba.database.CarDAO.extractCarFromResultSet(CarDAO.java:122) ~[classes/:?]
	at jdbc.com.solvd.laba.database.CarDAO.getAll(CarDAO.java:31) [classes/:?]
	at com.solvd.laba.database.CarMain.main(CarMain.java:17) [classes/:?]
2023-06-23 16:22:53.086 [main] INFO  com.solvd.laba.database.ConnectionPool - Putting the connection back to Connection pool: com.mysql.cj.jdbc.ConnectionImpl@62417a16
2023-06-23 16:22:53.086 [main] INFO  com.solvd.laba.database.ConnectionPool - The connection was retrieved: com.mysql.cj.jdbc.ConnectionImpl@62417a16
2023-06-23 16:22:53.093 [main] ERROR jdbc.com.solvd.laba.database.CarDAO - Error occurred while retrieving a brand:
java.sql.SQLException: Column 'price' not found.
	at com.mysql.cj.jdbc.exceptions.SQLError.createSQLException(SQLError.java:130) ~[mysql-connector-j-8.0.33.jar:8.0.33]
	at com.mysql.cj.jdbc.exceptions.SQLError.createSQLException(SQLError.java:98) ~[mysql-connector-j-8.0.33.jar:8.0.33]
	at com.mysql.cj.jdbc.exceptions.SQLError.createSQLException(SQLError.java:90) ~[mysql-connector-j-8.0.33.jar:8.0.33]
	at com.mysql.cj.jdbc.exceptions.SQLError.createSQLException(SQLError.java:64) ~[mysql-connector-j-8.0.33.jar:8.0.33]
	at com.mysql.cj.jdbc.result.ResultSetImpl.findColumn(ResultSetImpl.java:584) ~[mysql-connector-j-8.0.33.jar:8.0.33]
	at com.mysql.cj.jdbc.result.ResultSetImpl.getInt(ResultSetImpl.java:851) ~[mysql-connector-j-8.0.33.jar:8.0.33]
	at jdbc.com.solvd.laba.database.CarDAO.extractCarFromResultSet(CarDAO.java:122) ~[classes/:?]
	at jdbc.com.solvd.laba.database.CarDAO.getById(CarDAO.java:107) [classes/:?]
	at com.solvd.laba.database.CarMain.main(CarMain.java:26) [classes/:?]
2023-06-23 16:22:53.093 [main] INFO  com.solvd.laba.database.ConnectionPool - Putting the connection back to Connection pool: com.mysql.cj.jdbc.ConnectionImpl@a7e2d9d
2023-06-23 16:22:53.094 [main] WARN  com.solvd.laba.database.ConnectionPool - Connection is not active connections list: com.mysql.cj.jdbc.ConnectionImpl@a7e2d9d
2023-06-23 16:23:09.453 [main] INFO  com.solvd.laba.database.ConnectionPool - The connection was retrieved: com.mysql.cj.jdbc.ConnectionImpl@a7e2d9d
2023-06-23 16:23:09.455 [main] INFO  com.solvd.laba.database.ConnectionPool - The connection was retrieved: com.mysql.cj.jdbc.ConnectionImpl@62417a16
2023-06-23 16:23:09.464 [main] ERROR jdbc.com.solvd.laba.database.CarDAO - Error occurred while retrieving car:
java.sql.SQLException: Column 'price' not found.
	at com.mysql.cj.jdbc.exceptions.SQLError.createSQLException(SQLError.java:130) ~[mysql-connector-j-8.0.33.jar:8.0.33]
	at com.mysql.cj.jdbc.exceptions.SQLError.createSQLException(SQLError.java:98) ~[mysql-connector-j-8.0.33.jar:8.0.33]
	at com.mysql.cj.jdbc.exceptions.SQLError.createSQLException(SQLError.java:90) ~[mysql-connector-j-8.0.33.jar:8.0.33]
	at com.mysql.cj.jdbc.exceptions.SQLError.createSQLException(SQLError.java:64) ~[mysql-connector-j-8.0.33.jar:8.0.33]
	at com.mysql.cj.jdbc.result.ResultSetImpl.findColumn(ResultSetImpl.java:584) ~[mysql-connector-j-8.0.33.jar:8.0.33]
	at com.mysql.cj.jdbc.result.ResultSetImpl.getInt(ResultSetImpl.java:851) ~[mysql-connector-j-8.0.33.jar:8.0.33]
	at jdbc.com.solvd.laba.database.CarDAO.extractCarFromResultSet(CarDAO.java:122) ~[classes/:?]
	at jdbc.com.solvd.laba.database.CarDAO.getAll(CarDAO.java:31) [classes/:?]
	at com.solvd.laba.database.CarMain.main(CarMain.java:17) [classes/:?]
2023-06-23 16:23:09.466 [main] INFO  com.solvd.laba.database.ConnectionPool - Putting the connection back to Connection pool: com.mysql.cj.jdbc.ConnectionImpl@62417a16
2023-06-23 16:23:09.466 [main] INFO  com.solvd.laba.database.ConnectionPool - The connection was retrieved: com.mysql.cj.jdbc.ConnectionImpl@62417a16
2023-06-23 16:23:09.471 [main] ERROR jdbc.com.solvd.laba.database.CarDAO - Error occurred while retrieving a brand:
java.sql.SQLException: Column 'price' not found.
	at com.mysql.cj.jdbc.exceptions.SQLError.createSQLException(SQLError.java:130) ~[mysql-connector-j-8.0.33.jar:8.0.33]
	at com.mysql.cj.jdbc.exceptions.SQLError.createSQLException(SQLError.java:98) ~[mysql-connector-j-8.0.33.jar:8.0.33]
	at com.mysql.cj.jdbc.exceptions.SQLError.createSQLException(SQLError.java:90) ~[mysql-connector-j-8.0.33.jar:8.0.33]
	at com.mysql.cj.jdbc.exceptions.SQLError.createSQLException(SQLError.java:64) ~[mysql-connector-j-8.0.33.jar:8.0.33]
	at com.mysql.cj.jdbc.result.ResultSetImpl.findColumn(ResultSetImpl.java:584) ~[mysql-connector-j-8.0.33.jar:8.0.33]
	at com.mysql.cj.jdbc.result.ResultSetImpl.getInt(ResultSetImpl.java:851) ~[mysql-connector-j-8.0.33.jar:8.0.33]
	at jdbc.com.solvd.laba.database.CarDAO.extractCarFromResultSet(CarDAO.java:122) ~[classes/:?]
	at jdbc.com.solvd.laba.database.CarDAO.getById(CarDAO.java:107) [classes/:?]
	at com.solvd.laba.database.CarMain.main(CarMain.java:26) [classes/:?]
2023-06-23 16:23:09.471 [main] INFO  com.solvd.laba.database.ConnectionPool - Putting the connection back to Connection pool: com.mysql.cj.jdbc.ConnectionImpl@a7e2d9d
2023-06-23 16:23:09.471 [main] WARN  com.solvd.laba.database.ConnectionPool - Connection is not active connections list: com.mysql.cj.jdbc.ConnectionImpl@a7e2d9d
2023-06-23 16:24:41.097 [main] INFO  com.solvd.laba.database.ConnectionPool - The connection was retrieved: com.mysql.cj.jdbc.ConnectionImpl@a7e2d9d
2023-06-23 16:24:41.098 [main] INFO  com.solvd.laba.database.ConnectionPool - The connection was retrieved: com.mysql.cj.jdbc.ConnectionImpl@62417a16
2023-06-23 16:24:41.107 [main] ERROR jdbc.com.solvd.laba.database.CarDAO - Error occurred while retrieving car:
java.sql.SQLException: Column 'price' not found.
	at com.mysql.cj.jdbc.exceptions.SQLError.createSQLException(SQLError.java:130) ~[mysql-connector-j-8.0.33.jar:8.0.33]
	at com.mysql.cj.jdbc.exceptions.SQLError.createSQLException(SQLError.java:98) ~[mysql-connector-j-8.0.33.jar:8.0.33]
	at com.mysql.cj.jdbc.exceptions.SQLError.createSQLException(SQLError.java:90) ~[mysql-connector-j-8.0.33.jar:8.0.33]
	at com.mysql.cj.jdbc.exceptions.SQLError.createSQLException(SQLError.java:64) ~[mysql-connector-j-8.0.33.jar:8.0.33]
	at com.mysql.cj.jdbc.result.ResultSetImpl.findColumn(ResultSetImpl.java:584) ~[mysql-connector-j-8.0.33.jar:8.0.33]
	at com.mysql.cj.jdbc.result.ResultSetImpl.getInt(ResultSetImpl.java:851) ~[mysql-connector-j-8.0.33.jar:8.0.33]
	at jdbc.com.solvd.laba.database.CarDAO.extractCarFromResultSet(CarDAO.java:122) ~[classes/:?]
	at jdbc.com.solvd.laba.database.CarDAO.getAll(CarDAO.java:31) [classes/:?]
	at com.solvd.laba.database.CarMain.main(CarMain.java:18) [classes/:?]
2023-06-23 16:24:41.109 [main] INFO  com.solvd.laba.database.ConnectionPool - Putting the connection back to Connection pool: com.mysql.cj.jdbc.ConnectionImpl@62417a16
2023-06-23 16:24:41.109 [main] INFO  com.solvd.laba.database.ConnectionPool - The connection was retrieved: com.mysql.cj.jdbc.ConnectionImpl@62417a16
2023-06-23 16:24:41.118 [main] ERROR jdbc.com.solvd.laba.database.CarDAO - Error occurred while creating a car:
java.sql.SQLException: Field 'car_owner_car_id' doesn't have a default value
	at com.mysql.cj.jdbc.exceptions.SQLError.createSQLException(SQLError.java:130) ~[mysql-connector-j-8.0.33.jar:8.0.33]
	at com.mysql.cj.jdbc.exceptions.SQLExceptionsMapping.translateException(SQLExceptionsMapping.java:122) ~[mysql-connector-j-8.0.33.jar:8.0.33]
	at com.mysql.cj.jdbc.ClientPreparedStatement.executeInternal(ClientPreparedStatement.java:916) ~[mysql-connector-j-8.0.33.jar:8.0.33]
	at com.mysql.cj.jdbc.ClientPreparedStatement.executeUpdateInternal(ClientPreparedStatement.java:1061) ~[mysql-connector-j-8.0.33.jar:8.0.33]
	at com.mysql.cj.jdbc.ClientPreparedStatement.executeUpdateInternal(ClientPreparedStatement.java:1009) ~[mysql-connector-j-8.0.33.jar:8.0.33]
	at com.mysql.cj.jdbc.ClientPreparedStatement.executeLargeUpdate(ClientPreparedStatement.java:1320) ~[mysql-connector-j-8.0.33.jar:8.0.33]
	at com.mysql.cj.jdbc.ClientPreparedStatement.executeUpdate(ClientPreparedStatement.java:994) ~[mysql-connector-j-8.0.33.jar:8.0.33]
	at jdbc.com.solvd.laba.database.CarDAO.create(CarDAO.java:54) [classes/:?]
	at com.solvd.laba.database.CarMain.main(CarMain.java:25) [classes/:?]
2023-06-23 16:24:41.119 [main] INFO  com.solvd.laba.database.ConnectionPool - Putting the connection back to Connection pool: com.mysql.cj.jdbc.ConnectionImpl@62417a16
2023-06-23 16:24:41.119 [main] INFO  com.solvd.laba.database.ConnectionPool - The connection was retrieved: com.mysql.cj.jdbc.ConnectionImpl@62417a16
2023-06-23 16:24:41.120 [main] ERROR jdbc.com.solvd.laba.database.CarDAO - Error occurred while retrieving a brand:
java.sql.SQLException: Column 'price' not found.
	at com.mysql.cj.jdbc.exceptions.SQLError.createSQLException(SQLError.java:130) ~[mysql-connector-j-8.0.33.jar:8.0.33]
	at com.mysql.cj.jdbc.exceptions.SQLError.createSQLException(SQLError.java:98) ~[mysql-connector-j-8.0.33.jar:8.0.33]
	at com.mysql.cj.jdbc.exceptions.SQLError.createSQLException(SQLError.java:90) ~[mysql-connector-j-8.0.33.jar:8.0.33]
	at com.mysql.cj.jdbc.exceptions.SQLError.createSQLException(SQLError.java:64) ~[mysql-connector-j-8.0.33.jar:8.0.33]
	at com.mysql.cj.jdbc.result.ResultSetImpl.findColumn(ResultSetImpl.java:584) ~[mysql-connector-j-8.0.33.jar:8.0.33]
	at com.mysql.cj.jdbc.result.ResultSetImpl.getInt(ResultSetImpl.java:851) ~[mysql-connector-j-8.0.33.jar:8.0.33]
	at jdbc.com.solvd.laba.database.CarDAO.extractCarFromResultSet(CarDAO.java:122) ~[classes/:?]
	at jdbc.com.solvd.laba.database.CarDAO.getById(CarDAO.java:107) [classes/:?]
	at com.solvd.laba.database.CarMain.main(CarMain.java:27) [classes/:?]
2023-06-23 16:24:41.120 [main] INFO  com.solvd.laba.database.ConnectionPool - Putting the connection back to Connection pool: com.mysql.cj.jdbc.ConnectionImpl@a7e2d9d
2023-06-23 16:24:41.121 [main] WARN  com.solvd.laba.database.ConnectionPool - Connection is not active connections list: com.mysql.cj.jdbc.ConnectionImpl@a7e2d9d
