2023-06-28 11:03:52.469 [main] DEBUG org.apache.ibatis.logging.LogFactory - Logging initialized using 'class org.apache.ibatis.logging.log4j2.Log4j2Impl' adapter.
2023-06-28 11:03:52.476 [main] DEBUG org.apache.ibatis.datasource.pooled.PooledDataSource - PooledDataSource forcefully closed/removed all connections.
2023-06-28 11:03:52.476 [main] DEBUG org.apache.ibatis.datasource.pooled.PooledDataSource - PooledDataSource forcefully closed/removed all connections.
2023-06-28 11:03:52.476 [main] DEBUG org.apache.ibatis.datasource.pooled.PooledDataSource - PooledDataSource forcefully closed/removed all connections.
2023-06-28 11:03:52.477 [main] DEBUG org.apache.ibatis.datasource.pooled.PooledDataSource - PooledDataSource forcefully closed/removed all connections.
2023-06-28 11:04:08.256 [main] DEBUG org.apache.ibatis.logging.LogFactory - Logging initialized using 'class org.apache.ibatis.logging.log4j2.Log4j2Impl' adapter.
2023-06-28 11:04:08.263 [main] DEBUG org.apache.ibatis.datasource.pooled.PooledDataSource - PooledDataSource forcefully closed/removed all connections.
2023-06-28 11:04:08.263 [main] DEBUG org.apache.ibatis.datasource.pooled.PooledDataSource - PooledDataSource forcefully closed/removed all connections.
2023-06-28 11:04:08.263 [main] DEBUG org.apache.ibatis.datasource.pooled.PooledDataSource - PooledDataSource forcefully closed/removed all connections.
2023-06-28 11:04:08.263 [main] DEBUG org.apache.ibatis.datasource.pooled.PooledDataSource - PooledDataSource forcefully closed/removed all connections.
2023-06-28 11:12:58.219 [main] DEBUG org.apache.ibatis.logging.LogFactory - Logging initialized using 'class org.apache.ibatis.logging.log4j2.Log4j2Impl' adapter.
2023-06-28 11:12:58.227 [main] DEBUG org.apache.ibatis.datasource.pooled.PooledDataSource - PooledDataSource forcefully closed/removed all connections.
2023-06-28 11:12:58.227 [main] DEBUG org.apache.ibatis.datasource.pooled.PooledDataSource - PooledDataSource forcefully closed/removed all connections.
2023-06-28 11:12:58.227 [main] DEBUG org.apache.ibatis.datasource.pooled.PooledDataSource - PooledDataSource forcefully closed/removed all connections.
2023-06-28 11:12:58.228 [main] DEBUG org.apache.ibatis.datasource.pooled.PooledDataSource - PooledDataSource forcefully closed/removed all connections.
2023-06-28 11:12:58.283 [main] DEBUG org.apache.ibatis.transaction.jdbc.JdbcTransaction - Opening JDBC Connection
2023-06-28 11:12:58.560 [main] DEBUG org.apache.ibatis.datasource.pooled.PooledDataSource - Created connection 684230144.
2023-06-28 11:12:58.562 [main] DEBUG com.solvd.laba.database.mapper.CarMapperJava.selectCarById - ==>  Preparing: select car_id, brand as brand from Car where car_id = ?
2023-06-28 11:12:58.577 [main] DEBUG com.solvd.laba.database.mapper.CarMapperJava.selectCarById - ==> Parameters: 2(Integer)
2023-06-28 11:12:58.605 [main] DEBUG com.solvd.laba.database.mapper.CarMapperJava.selectCarById - <==      Total: 1
2023-06-28 11:12:58.616 [main] DEBUG org.apache.ibatis.transaction.jdbc.JdbcTransaction - Closing JDBC Connection [com.mysql.cj.jdbc.ConnectionImpl@28c88600]
2023-06-28 11:12:58.616 [main] DEBUG org.apache.ibatis.datasource.pooled.PooledDataSource - Returned connection 684230144 to pool.
2023-06-28 12:05:14.677 [main] DEBUG org.apache.ibatis.logging.LogFactory - Logging initialized using 'class org.apache.ibatis.logging.log4j2.Log4j2Impl' adapter.
2023-06-28 12:05:14.692 [main] DEBUG org.apache.ibatis.datasource.pooled.PooledDataSource - PooledDataSource forcefully closed/removed all connections.
2023-06-28 12:05:14.692 [main] DEBUG org.apache.ibatis.datasource.pooled.PooledDataSource - PooledDataSource forcefully closed/removed all connections.
2023-06-28 12:05:14.692 [main] DEBUG org.apache.ibatis.datasource.pooled.PooledDataSource - PooledDataSource forcefully closed/removed all connections.
2023-06-28 12:05:14.692 [main] DEBUG org.apache.ibatis.datasource.pooled.PooledDataSource - PooledDataSource forcefully closed/removed all connections.
2023-06-28 12:05:14.761 [main] DEBUG org.apache.ibatis.transaction.jdbc.JdbcTransaction - Opening JDBC Connection
2023-06-28 12:05:15.093 [main] DEBUG org.apache.ibatis.datasource.pooled.PooledDataSource - Created connection 684230144.
2023-06-28 12:05:15.095 [main] DEBUG com.solvd.laba.database.mapper.CarMapperJava.selectCarById - ==>  Preparing: select car_id, brand as brand from Car where car_id = ?
2023-06-28 12:05:15.111 [main] DEBUG com.solvd.laba.database.mapper.CarMapperJava.selectCarById - ==> Parameters: 2(Integer)
2023-06-28 12:05:15.148 [main] DEBUG com.solvd.laba.database.mapper.CarMapperJava.selectCarById - <==      Total: 1
2023-06-28 12:05:15.156 [main] DEBUG org.apache.ibatis.transaction.jdbc.JdbcTransaction - Closing JDBC Connection [com.mysql.cj.jdbc.ConnectionImpl@28c88600]
2023-06-28 12:05:15.156 [main] DEBUG org.apache.ibatis.datasource.pooled.PooledDataSource - Returned connection 684230144 to pool.
2023-06-28 12:05:53.357 [main] INFO  com.solvd.laba.xml.CarXmlParserRunner - Car ID: 1
2023-06-28 12:05:53.364 [main] INFO  com.solvd.laba.xml.CarXmlParserRunner - Brand: Toyota
2023-06-28 12:05:53.364 [main] INFO  com.solvd.laba.xml.CarXmlParserRunner - Model: Camry
2023-06-28 12:05:53.364 [main] INFO  com.solvd.laba.xml.CarXmlParserRunner - Year: 2022
2023-06-28 12:05:53.365 [main] INFO  com.solvd.laba.xml.CarXmlParserRunner - Price: 25000
2023-06-28 12:05:53.368 [main] INFO  com.solvd.laba.xml.CarXmlParserRunner - Current Date: 2023/06/28 12:05:53
2023-06-28 12:05:53.368 [main] INFO  com.solvd.laba.xml.CarXmlParserRunner - ---------------------------------------------
2023-06-28 12:05:53.368 [main] INFO  com.solvd.laba.xml.CarXmlParserRunner - Car ID: 2
2023-06-28 12:05:53.368 [main] INFO  com.solvd.laba.xml.CarXmlParserRunner - Brand: Nissan
2023-06-28 12:05:53.368 [main] INFO  com.solvd.laba.xml.CarXmlParserRunner - Model: Altima
2023-06-28 12:05:53.368 [main] INFO  com.solvd.laba.xml.CarXmlParserRunner - Year: 2023
2023-06-28 12:05:53.368 [main] INFO  com.solvd.laba.xml.CarXmlParserRunner - Price: 15000
2023-06-28 12:05:53.369 [main] INFO  com.solvd.laba.xml.CarXmlParserRunner - Current Date: 2023/06/28 12:05:53
2023-06-28 12:05:53.369 [main] INFO  com.solvd.laba.xml.CarXmlParserRunner - ---------------------------------------------
2023-06-28 12:05:53.369 [main] INFO  com.solvd.laba.xml.CarXmlParserRunner - Car ID: 3
2023-06-28 12:05:53.369 [main] INFO  com.solvd.laba.xml.CarXmlParserRunner - Brand: BMW
2023-06-28 12:05:53.369 [main] INFO  com.solvd.laba.xml.CarXmlParserRunner - Model: X5
2023-06-28 12:05:53.369 [main] INFO  com.solvd.laba.xml.CarXmlParserRunner - Year: 2000
2023-06-28 12:05:53.369 [main] INFO  com.solvd.laba.xml.CarXmlParserRunner - Price: 8000
2023-06-28 12:05:53.369 [main] INFO  com.solvd.laba.xml.CarXmlParserRunner - Current Date: 2023/06/28 12:05:53
2023-06-28 12:05:53.369 [main] INFO  com.solvd.laba.xml.CarXmlParserRunner - ---------------------------------------------
2023-06-28 12:05:53.369 [main] INFO  com.solvd.laba.xml.CarXmlParserRunner - Electric Car ID: 4
2023-06-28 12:05:53.369 [main] INFO  com.solvd.laba.xml.CarXmlParserRunner - Brand: Tesla
2023-06-28 12:05:53.370 [main] INFO  com.solvd.laba.xml.CarXmlParserRunner - Model: Model 3
2023-06-28 12:05:53.370 [main] INFO  com.solvd.laba.xml.CarXmlParserRunner - BatteryCapacity: -5082
2023-06-28 12:05:53.370 [main] INFO  com.solvd.laba.xml.CarXmlParserRunner - Price: 29000
2023-06-28 12:05:53.370 [main] INFO  com.solvd.laba.xml.CarXmlParserRunner - Current Date: 2023/06/28 12:05:53
2023-06-28 12:05:53.370 [main] INFO  com.solvd.laba.xml.CarXmlParserRunner - ---------------------------------------------------------------
2023-06-28 12:05:53.370 [main] INFO  com.solvd.laba.xml.CarXmlParserRunner - Electric Car ID: 5
2023-06-28 12:05:53.370 [main] INFO  com.solvd.laba.xml.CarXmlParserRunner - Brand: Tesla
2023-06-28 12:05:53.370 [main] INFO  com.solvd.laba.xml.CarXmlParserRunner - Model: Model X
2023-06-28 12:05:53.370 [main] INFO  com.solvd.laba.xml.CarXmlParserRunner - BatteryCapacity: 100
2023-06-28 12:05:53.370 [main] INFO  com.solvd.laba.xml.CarXmlParserRunner - Price: 60000
2023-06-28 12:05:53.371 [main] INFO  com.solvd.laba.xml.CarXmlParserRunner - Current Date: 2023/06/28 12:05:53
2023-06-28 12:05:53.371 [main] INFO  com.solvd.laba.xml.CarXmlParserRunner - ---------------------------------------------------------------
2023-06-28 12:05:53.371 [main] INFO  com.solvd.laba.xml.CarXmlParserRunner - Electric Car ID: 6
2023-06-28 12:05:53.371 [main] INFO  com.solvd.laba.xml.CarXmlParserRunner - Brand: Tesla
2023-06-28 12:05:53.371 [main] INFO  com.solvd.laba.xml.CarXmlParserRunner - Model: Model Y
2023-06-28 12:05:53.371 [main] INFO  com.solvd.laba.xml.CarXmlParserRunner - BatteryCapacity: 81
2023-06-28 12:05:53.371 [main] INFO  com.solvd.laba.xml.CarXmlParserRunner - Price: 50000
2023-06-28 12:05:53.371 [main] INFO  com.solvd.laba.xml.CarXmlParserRunner - Current Date: 2023/06/28 12:05:53
2023-06-28 12:05:53.371 [main] INFO  com.solvd.laba.xml.CarXmlParserRunner - ---------------------------------------------------------------
2023-06-28 12:05:53.371 [main] INFO  com.solvd.laba.xml.CarXmlParserRunner - Gasoline Car ID: 7
2023-06-28 12:05:53.371 [main] INFO  com.solvd.laba.xml.CarXmlParserRunner - Brand: Nissan
2023-06-28 12:05:53.371 [main] INFO  com.solvd.laba.xml.CarXmlParserRunner - Model: Versa
2023-06-28 12:05:53.372 [main] INFO  com.solvd.laba.xml.CarXmlParserRunner - Fuel economy: 35
2023-06-28 12:05:53.372 [main] INFO  com.solvd.laba.xml.CarXmlParserRunner - Price: 15000
2023-06-28 12:05:53.372 [main] INFO  com.solvd.laba.xml.CarXmlParserRunner - Current Date: 2023/06/28 12:05:53
2023-06-28 12:05:53.372 [main] INFO  com.solvd.laba.xml.CarXmlParserRunner - -------------------------------------------------------
2023-06-28 12:05:53.372 [main] INFO  com.solvd.laba.xml.CarXmlParserRunner - Gasoline Car ID: 8
2023-06-28 12:05:53.372 [main] INFO  com.solvd.laba.xml.CarXmlParserRunner - Brand: Mitsubishi
2023-06-28 12:05:53.372 [main] INFO  com.solvd.laba.xml.CarXmlParserRunner - Model: Mirage
2023-06-28 12:05:53.372 [main] INFO  com.solvd.laba.xml.CarXmlParserRunner - Fuel economy: 39
2023-06-28 12:05:53.372 [main] INFO  com.solvd.laba.xml.CarXmlParserRunner - Price: 16000
2023-06-28 12:05:53.372 [main] INFO  com.solvd.laba.xml.CarXmlParserRunner - Current Date: 2023/06/28 12:05:53
2023-06-28 12:05:53.372 [main] INFO  com.solvd.laba.xml.CarXmlParserRunner - -------------------------------------------------------
2023-06-28 12:05:53.372 [main] INFO  com.solvd.laba.xml.CarXmlParserRunner - Gasoline Car ID: 9
2023-06-28 12:05:53.372 [main] INFO  com.solvd.laba.xml.CarXmlParserRunner - Brand: Kia
2023-06-28 12:05:53.372 [main] INFO  com.solvd.laba.xml.CarXmlParserRunner - Model: Rio
2023-06-28 12:05:53.372 [main] INFO  com.solvd.laba.xml.CarXmlParserRunner - Fuel economy: 36
2023-06-28 12:05:53.373 [main] INFO  com.solvd.laba.xml.CarXmlParserRunner - Price: 16750
2023-06-28 12:05:53.373 [main] INFO  com.solvd.laba.xml.CarXmlParserRunner - Current Date: 2023/06/28 12:05:53
2023-06-28 12:05:53.373 [main] INFO  com.solvd.laba.xml.CarXmlParserRunner - -------------------------------------------------------
2023-06-28 12:05:53.373 [main] INFO  com.solvd.laba.xml.CarXmlParserRunner - Sports Car ID: 10
2023-06-28 12:05:53.373 [main] INFO  com.solvd.laba.xml.CarXmlParserRunner - Brand: Porsche
2023-06-28 12:05:53.373 [main] INFO  com.solvd.laba.xml.CarXmlParserRunner - Model: Cayman
2023-06-28 12:05:53.373 [main] INFO  com.solvd.laba.xml.CarXmlParserRunner - Top Speed: 200
2023-06-28 12:05:53.374 [main] INFO  com.solvd.laba.xml.CarXmlParserRunner - Price: 63400
2023-06-28 12:05:53.374 [main] INFO  com.solvd.laba.xml.CarXmlParserRunner - Current Date: 2023/06/28 12:05:53
2023-06-28 12:05:53.374 [main] INFO  com.solvd.laba.xml.CarXmlParserRunner - --------------------------------------------
2023-06-28 12:05:53.374 [main] INFO  com.solvd.laba.xml.CarXmlParserRunner - Sports Car ID: 11
2023-06-28 12:05:53.374 [main] INFO  com.solvd.laba.xml.CarXmlParserRunner - Brand: Aston Martin
2023-06-28 12:05:53.374 [main] INFO  com.solvd.laba.xml.CarXmlParserRunner - Model: Valkyrie AMR Pro
2023-06-28 12:05:53.374 [main] INFO  com.solvd.laba.xml.CarXmlParserRunner - Top Speed: 250
2023-06-28 12:05:53.374 [main] INFO  com.solvd.laba.xml.CarXmlParserRunner - Price: 55000
2023-06-28 12:05:53.374 [main] INFO  com.solvd.laba.xml.CarXmlParserRunner - Current Date: 2023/06/28 12:05:53
2023-06-28 12:05:53.374 [main] INFO  com.solvd.laba.xml.CarXmlParserRunner - --------------------------------------------
2023-06-28 12:05:53.374 [main] INFO  com.solvd.laba.xml.CarXmlParserRunner - Sports Car ID: 12
2023-06-28 12:05:53.374 [main] INFO  com.solvd.laba.xml.CarXmlParserRunner - Brand: Saleen
2023-06-28 12:05:53.374 [main] INFO  com.solvd.laba.xml.CarXmlParserRunner - Model: S7 Twin-Turbo
2023-06-28 12:05:53.374 [main] INFO  com.solvd.laba.xml.CarXmlParserRunner - Top Speed: 248
2023-06-28 12:05:53.374 [main] INFO  com.solvd.laba.xml.CarXmlParserRunner - Price: 80000
2023-06-28 12:05:53.375 [main] INFO  com.solvd.laba.xml.CarXmlParserRunner - Current Date: 2023/06/28 12:05:53
2023-06-28 12:05:53.375 [main] INFO  com.solvd.laba.xml.CarXmlParserRunner - --------------------------------------------
2023-06-28 12:05:53.375 [main] INFO  com.solvd.laba.xml.CarXmlParserRunner - Used Car ID: 13
2023-06-28 12:05:53.375 [main] INFO  com.solvd.laba.xml.CarXmlParserRunner - Brand: Subaru
2023-06-28 12:05:53.375 [main] INFO  com.solvd.laba.xml.CarXmlParserRunner - Model: Ascent
2023-06-28 12:05:53.375 [main] INFO  com.solvd.laba.xml.CarXmlParserRunner - Mileage: 19000
2023-06-28 12:05:53.375 [main] INFO  com.solvd.laba.xml.CarXmlParserRunner - Price: 32000
2023-06-28 12:05:53.376 [main] INFO  com.solvd.laba.xml.CarXmlParserRunner - Current Date: 2023/06/28 12:05:53
2023-06-28 12:05:53.376 [main] INFO  com.solvd.laba.xml.CarXmlParserRunner - -------------------------------------------
2023-06-28 12:05:53.376 [main] INFO  com.solvd.laba.xml.CarXmlParserRunner - Used Car ID: 14
2023-06-28 12:05:53.376 [main] INFO  com.solvd.laba.xml.CarXmlParserRunner - Brand: Chevrolet
2023-06-28 12:05:53.376 [main] INFO  com.solvd.laba.xml.CarXmlParserRunner - Model: Camaro
2023-06-28 12:05:53.376 [main] INFO  com.solvd.laba.xml.CarXmlParserRunner - Mileage: 6794
2023-06-28 12:05:53.376 [main] INFO  com.solvd.laba.xml.CarXmlParserRunner - Price: 48000
2023-06-28 12:05:53.376 [main] INFO  com.solvd.laba.xml.CarXmlParserRunner - Current Date: 2023/06/28 12:05:53
2023-06-28 12:05:53.376 [main] INFO  com.solvd.laba.xml.CarXmlParserRunner - -------------------------------------------
2023-06-28 12:05:53.376 [main] INFO  com.solvd.laba.xml.CarXmlParserRunner - Used Car ID: 15
2023-06-28 12:05:53.376 [main] INFO  com.solvd.laba.xml.CarXmlParserRunner - Brand: Alfa Romeo
2023-06-28 12:05:53.376 [main] INFO  com.solvd.laba.xml.CarXmlParserRunner - Model: Stelvio
2023-06-28 12:05:53.376 [main] INFO  com.solvd.laba.xml.CarXmlParserRunner - Mileage: 20000
2023-06-28 12:05:53.377 [main] INFO  com.solvd.laba.xml.CarXmlParserRunner - Price: 32560
2023-06-28 12:05:53.377 [main] INFO  com.solvd.laba.xml.CarXmlParserRunner - Current Date: 2023/06/28 12:05:53
2023-06-28 12:05:53.377 [main] INFO  com.solvd.laba.xml.CarXmlParserRunner - -------------------------------------------
