2023-06-22 18:12:04.900 [main] INFO  com.solvd.laba.xml.CarXmlParserRunner - Car ID: 1
2023-06-22 18:12:04.901 [main] INFO  com.solvd.laba.xml.CarXmlParserRunner - Brand: Toyota
2023-06-22 18:12:04.902 [main] INFO  com.solvd.laba.xml.CarXmlParserRunner - Model: Camry
2023-06-22 18:12:04.902 [main] INFO  com.solvd.laba.xml.CarXmlParserRunner - Year: 2022
2023-06-22 18:12:04.902 [main] INFO  com.solvd.laba.xml.CarXmlParserRunner - Price: 25000
2023-06-22 18:12:04.902 [main] INFO  com.solvd.laba.xml.CarXmlParserRunner - Current Date: 2023/06/22 18:12:04
2023-06-22 18:12:04.902 [main] INFO  com.solvd.laba.xml.CarXmlParserRunner - ---------------------------------------------
2023-06-22 18:12:04.902 [main] INFO  com.solvd.laba.xml.CarXmlParserRunner - Car ID: 2
2023-06-22 18:12:04.902 [main] INFO  com.solvd.laba.xml.CarXmlParserRunner - Brand: Nissan
2023-06-22 18:12:04.902 [main] INFO  com.solvd.laba.xml.CarXmlParserRunner - Model: Altima
2023-06-22 18:12:04.902 [main] INFO  com.solvd.laba.xml.CarXmlParserRunner - Year: 2023
2023-06-22 18:12:04.902 [main] INFO  com.solvd.laba.xml.CarXmlParserRunner - Price: 15000
2023-06-22 18:12:04.903 [main] INFO  com.solvd.laba.xml.CarXmlParserRunner - Current Date: 2023/06/22 18:12:04
2023-06-22 18:12:04.903 [main] INFO  com.solvd.laba.xml.CarXmlParserRunner - ---------------------------------------------
2023-06-22 18:12:04.903 [main] INFO  com.solvd.laba.xml.CarXmlParserRunner - Car ID: 3
2023-06-22 18:12:04.903 [main] INFO  com.solvd.laba.xml.CarXmlParserRunner - Brand: BMW
2023-06-22 18:12:04.903 [main] INFO  com.solvd.laba.xml.CarXmlParserRunner - Model: X5
2023-06-22 18:12:04.903 [main] INFO  com.solvd.laba.xml.CarXmlParserRunner - Year: 2000
2023-06-22 18:12:04.903 [main] INFO  com.solvd.laba.xml.CarXmlParserRunner - Price: 8000
2023-06-22 18:12:04.903 [main] INFO  com.solvd.laba.xml.CarXmlParserRunner - Current Date: 2023/06/22 18:12:04
2023-06-22 18:12:04.903 [main] INFO  com.solvd.laba.xml.CarXmlParserRunner - ---------------------------------------------
2023-06-22 18:12:04.903 [main] INFO  com.solvd.laba.xml.CarXmlParserRunner - Electric Car ID: 4
2023-06-22 18:12:04.903 [main] INFO  com.solvd.laba.xml.CarXmlParserRunner - Brand: Tesla
2023-06-22 18:12:04.903 [main] INFO  com.solvd.laba.xml.CarXmlParserRunner - Model: Model 3
2023-06-22 18:12:04.904 [main] INFO  com.solvd.laba.xml.CarXmlParserRunner - BatteryCapacity: -5082
2023-06-22 18:12:04.904 [main] INFO  com.solvd.laba.xml.CarXmlParserRunner - Price: 29000
2023-06-22 18:12:04.904 [main] INFO  com.solvd.laba.xml.CarXmlParserRunner - Current Date: 2023/06/22 18:12:04
2023-06-22 18:12:04.904 [main] INFO  com.solvd.laba.xml.CarXmlParserRunner - ---------------------------------------------------------------
2023-06-22 18:12:04.904 [main] INFO  com.solvd.laba.xml.CarXmlParserRunner - Electric Car ID: 5
2023-06-22 18:12:04.904 [main] INFO  com.solvd.laba.xml.CarXmlParserRunner - Brand: Tesla
2023-06-22 18:12:04.904 [main] INFO  com.solvd.laba.xml.CarXmlParserRunner - Model: Model X
2023-06-22 18:12:04.904 [main] INFO  com.solvd.laba.xml.CarXmlParserRunner - BatteryCapacity: 100
2023-06-22 18:12:04.905 [main] INFO  com.solvd.laba.xml.CarXmlParserRunner - Price: 60000
2023-06-22 18:12:04.905 [main] INFO  com.solvd.laba.xml.CarXmlParserRunner - Current Date: 2023/06/22 18:12:04
2023-06-22 18:12:04.905 [main] INFO  com.solvd.laba.xml.CarXmlParserRunner - ---------------------------------------------------------------
2023-06-22 18:12:04.905 [main] INFO  com.solvd.laba.xml.CarXmlParserRunner - Electric Car ID: 6
2023-06-22 18:12:04.905 [main] INFO  com.solvd.laba.xml.CarXmlParserRunner - Brand: Tesla
2023-06-22 18:12:04.905 [main] INFO  com.solvd.laba.xml.CarXmlParserRunner - Model: Model Y
2023-06-22 18:12:04.905 [main] INFO  com.solvd.laba.xml.CarXmlParserRunner - BatteryCapacity: 81
2023-06-22 18:12:04.905 [main] INFO  com.solvd.laba.xml.CarXmlParserRunner - Price: 50000
2023-06-22 18:12:04.905 [main] INFO  com.solvd.laba.xml.CarXmlParserRunner - Current Date: 2023/06/22 18:12:04
2023-06-22 18:12:04.905 [main] INFO  com.solvd.laba.xml.CarXmlParserRunner - ---------------------------------------------------------------
2023-06-22 18:12:04.905 [main] INFO  com.solvd.laba.xml.CarXmlParserRunner - Gasoline Car ID: 7
2023-06-22 18:12:04.905 [main] INFO  com.solvd.laba.xml.CarXmlParserRunner - Brand: Nissan
2023-06-22 18:12:04.906 [main] INFO  com.solvd.laba.xml.CarXmlParserRunner - Model: Versa
2023-06-22 18:12:04.906 [main] INFO  com.solvd.laba.xml.CarXmlParserRunner - Fuel economy: 35
2023-06-22 18:12:04.906 [main] INFO  com.solvd.laba.xml.CarXmlParserRunner - Price: 15000
2023-06-22 18:12:04.906 [main] INFO  com.solvd.laba.xml.CarXmlParserRunner - Current Date: 2023/06/22 18:12:04
2023-06-22 18:12:04.906 [main] INFO  com.solvd.laba.xml.CarXmlParserRunner - -------------------------------------------------------
2023-06-22 18:12:04.907 [main] INFO  com.solvd.laba.xml.CarXmlParserRunner - Gasoline Car ID: 8
2023-06-22 18:12:04.907 [main] INFO  com.solvd.laba.xml.CarXmlParserRunner - Brand: Mitsubishi
2023-06-22 18:12:04.907 [main] INFO  com.solvd.laba.xml.CarXmlParserRunner - Model: Mirage
2023-06-22 18:12:04.907 [main] INFO  com.solvd.laba.xml.CarXmlParserRunner - Fuel economy: 39
2023-06-22 18:12:04.907 [main] INFO  com.solvd.laba.xml.CarXmlParserRunner - Price: 16000
2023-06-22 18:12:04.907 [main] INFO  com.solvd.laba.xml.CarXmlParserRunner - Current Date: 2023/06/22 18:12:04
2023-06-22 18:12:04.907 [main] INFO  com.solvd.laba.xml.CarXmlParserRunner - -------------------------------------------------------
2023-06-22 18:12:04.907 [main] INFO  com.solvd.laba.xml.CarXmlParserRunner - Gasoline Car ID: 9
2023-06-22 18:12:04.907 [main] INFO  com.solvd.laba.xml.CarXmlParserRunner - Brand: Kia
2023-06-22 18:12:04.907 [main] INFO  com.solvd.laba.xml.CarXmlParserRunner - Model: Rio
2023-06-22 18:12:04.908 [main] INFO  com.solvd.laba.xml.CarXmlParserRunner - Fuel economy: 36
2023-06-22 18:12:04.908 [main] INFO  com.solvd.laba.xml.CarXmlParserRunner - Price: 16750
2023-06-22 18:12:04.908 [main] INFO  com.solvd.laba.xml.CarXmlParserRunner - Current Date: 2023/06/22 18:12:04
2023-06-22 18:12:04.908 [main] INFO  com.solvd.laba.xml.CarXmlParserRunner - -------------------------------------------------------
2023-06-22 18:12:04.908 [main] INFO  com.solvd.laba.xml.CarXmlParserRunner - Sports Car ID: 10
2023-06-22 18:12:04.908 [main] INFO  com.solvd.laba.xml.CarXmlParserRunner - Brand: Porsche
2023-06-22 18:12:04.908 [main] INFO  com.solvd.laba.xml.CarXmlParserRunner - Model: Cayman
2023-06-22 18:12:04.909 [main] INFO  com.solvd.laba.xml.CarXmlParserRunner - Top Speed: 200
2023-06-22 18:12:04.909 [main] INFO  com.solvd.laba.xml.CarXmlParserRunner - Price: 63400
2023-06-22 18:12:04.909 [main] INFO  com.solvd.laba.xml.CarXmlParserRunner - Current Date: 2023/06/22 18:12:04
2023-06-22 18:12:04.909 [main] INFO  com.solvd.laba.xml.CarXmlParserRunner - --------------------------------------------
2023-06-22 18:12:04.909 [main] INFO  com.solvd.laba.xml.CarXmlParserRunner - Sports Car ID: 11
2023-06-22 18:12:04.909 [main] INFO  com.solvd.laba.xml.CarXmlParserRunner - Brand: Aston Martin
2023-06-22 18:12:04.909 [main] INFO  com.solvd.laba.xml.CarXmlParserRunner - Model: Valkyrie AMR Pro
2023-06-22 18:12:04.909 [main] INFO  com.solvd.laba.xml.CarXmlParserRunner - Top Speed: 250
2023-06-22 18:12:04.909 [main] INFO  com.solvd.laba.xml.CarXmlParserRunner - Price: 55000
2023-06-22 18:12:04.909 [main] INFO  com.solvd.laba.xml.CarXmlParserRunner - Current Date: 2023/06/22 18:12:04
2023-06-22 18:12:04.909 [main] INFO  com.solvd.laba.xml.CarXmlParserRunner - --------------------------------------------
2023-06-22 18:12:04.909 [main] INFO  com.solvd.laba.xml.CarXmlParserRunner - Sports Car ID: 12
2023-06-22 18:12:04.909 [main] INFO  com.solvd.laba.xml.CarXmlParserRunner - Brand: Saleen
2023-06-22 18:12:04.910 [main] INFO  com.solvd.laba.xml.CarXmlParserRunner - Model: S7 Twin-Turbo
2023-06-22 18:12:04.910 [main] INFO  com.solvd.laba.xml.CarXmlParserRunner - Top Speed: 248
2023-06-22 18:12:04.910 [main] INFO  com.solvd.laba.xml.CarXmlParserRunner - Price: 80000
2023-06-22 18:12:04.910 [main] INFO  com.solvd.laba.xml.CarXmlParserRunner - Current Date: 2023/06/22 18:12:04
2023-06-22 18:12:04.910 [main] INFO  com.solvd.laba.xml.CarXmlParserRunner - --------------------------------------------
2023-06-22 18:12:04.910 [main] INFO  com.solvd.laba.xml.CarXmlParserRunner - Used Car ID: 13
2023-06-22 18:12:04.910 [main] INFO  com.solvd.laba.xml.CarXmlParserRunner - Brand: Subaru
2023-06-22 18:12:04.911 [main] INFO  com.solvd.laba.xml.CarXmlParserRunner - Model: Ascent
2023-06-22 18:12:04.911 [main] INFO  com.solvd.laba.xml.CarXmlParserRunner - Mileage: 19000
2023-06-22 18:12:04.911 [main] INFO  com.solvd.laba.xml.CarXmlParserRunner - Price: 32000
2023-06-22 18:12:04.911 [main] INFO  com.solvd.laba.xml.CarXmlParserRunner - Current Date: 2023/06/22 18:12:04
2023-06-22 18:12:04.912 [main] INFO  com.solvd.laba.xml.CarXmlParserRunner - -------------------------------------------
2023-06-22 18:12:04.912 [main] INFO  com.solvd.laba.xml.CarXmlParserRunner - Used Car ID: 14
2023-06-22 18:12:04.912 [main] INFO  com.solvd.laba.xml.CarXmlParserRunner - Brand: Chevrolet
2023-06-22 18:12:04.912 [main] INFO  com.solvd.laba.xml.CarXmlParserRunner - Model: Camaro
2023-06-22 18:12:04.912 [main] INFO  com.solvd.laba.xml.CarXmlParserRunner - Mileage: 6794
2023-06-22 18:12:04.912 [main] INFO  com.solvd.laba.xml.CarXmlParserRunner - Price: 48000
2023-06-22 18:12:04.912 [main] INFO  com.solvd.laba.xml.CarXmlParserRunner - Current Date: 2023/06/22 18:12:04
2023-06-22 18:12:04.912 [main] INFO  com.solvd.laba.xml.CarXmlParserRunner - -------------------------------------------
2023-06-22 18:12:04.912 [main] INFO  com.solvd.laba.xml.CarXmlParserRunner - Used Car ID: 15
2023-06-22 18:12:04.912 [main] INFO  com.solvd.laba.xml.CarXmlParserRunner - Brand: Alfa Romeo
2023-06-22 18:12:04.912 [main] INFO  com.solvd.laba.xml.CarXmlParserRunner - Model: Stelvio
2023-06-22 18:12:04.912 [main] INFO  com.solvd.laba.xml.CarXmlParserRunner - Mileage: 20000
2023-06-22 18:12:04.912 [main] INFO  com.solvd.laba.xml.CarXmlParserRunner - Price: 32560
2023-06-22 18:12:04.912 [main] INFO  com.solvd.laba.xml.CarXmlParserRunner - Current Date: 2023/06/22 18:12:04
2023-06-22 18:12:04.912 [main] INFO  com.solvd.laba.xml.CarXmlParserRunner - -------------------------------------------
2023-06-22 19:00:21.641 [main] INFO  com.solvd.laba.xml.CarXmlParserRunner - Car ID: 1
2023-06-22 19:00:21.642 [main] INFO  com.solvd.laba.xml.CarXmlParserRunner - Brand: Toyota
2023-06-22 19:00:21.642 [main] INFO  com.solvd.laba.xml.CarXmlParserRunner - Model: Camry
2023-06-22 19:00:21.642 [main] INFO  com.solvd.laba.xml.CarXmlParserRunner - Year: 2022
2023-06-22 19:00:21.642 [main] INFO  com.solvd.laba.xml.CarXmlParserRunner - Price: 25000
2023-06-22 19:00:21.643 [main] INFO  com.solvd.laba.xml.CarXmlParserRunner - Current Date: 2023/06/22 19:00:21
2023-06-22 19:00:21.643 [main] INFO  com.solvd.laba.xml.CarXmlParserRunner - ---------------------------------------------
2023-06-22 19:00:21.643 [main] INFO  com.solvd.laba.xml.CarXmlParserRunner - Car ID: 2
2023-06-22 19:00:21.643 [main] INFO  com.solvd.laba.xml.CarXmlParserRunner - Brand: Nissan
2023-06-22 19:00:21.643 [main] INFO  com.solvd.laba.xml.CarXmlParserRunner - Model: Altima
2023-06-22 19:00:21.644 [main] INFO  com.solvd.laba.xml.CarXmlParserRunner - Year: 2023
2023-06-22 19:00:21.644 [main] INFO  com.solvd.laba.xml.CarXmlParserRunner - Price: 15000
2023-06-22 19:00:21.644 [main] INFO  com.solvd.laba.xml.CarXmlParserRunner - Current Date: 2023/06/22 19:00:21
2023-06-22 19:00:21.645 [main] INFO  com.solvd.laba.xml.CarXmlParserRunner - ---------------------------------------------
2023-06-22 19:00:21.645 [main] INFO  com.solvd.laba.xml.CarXmlParserRunner - Car ID: 3
2023-06-22 19:00:21.645 [main] INFO  com.solvd.laba.xml.CarXmlParserRunner - Brand: BMW
2023-06-22 19:00:21.645 [main] INFO  com.solvd.laba.xml.CarXmlParserRunner - Model: X5
2023-06-22 19:00:21.645 [main] INFO  com.solvd.laba.xml.CarXmlParserRunner - Year: 2000
2023-06-22 19:00:21.645 [main] INFO  com.solvd.laba.xml.CarXmlParserRunner - Price: 8000
2023-06-22 19:00:21.645 [main] INFO  com.solvd.laba.xml.CarXmlParserRunner - Current Date: 2023/06/22 19:00:21
2023-06-22 19:00:21.645 [main] INFO  com.solvd.laba.xml.CarXmlParserRunner - ---------------------------------------------
2023-06-22 19:00:21.646 [main] INFO  com.solvd.laba.xml.CarXmlParserRunner - Electric Car ID: 4
2023-06-22 19:00:21.646 [main] INFO  com.solvd.laba.xml.CarXmlParserRunner - Brand: Tesla
2023-06-22 19:00:21.646 [main] INFO  com.solvd.laba.xml.CarXmlParserRunner - Model: Model 3
2023-06-22 19:00:21.646 [main] INFO  com.solvd.laba.xml.CarXmlParserRunner - BatteryCapacity: -5082
2023-06-22 19:00:21.646 [main] INFO  com.solvd.laba.xml.CarXmlParserRunner - Price: 29000
2023-06-22 19:00:21.646 [main] INFO  com.solvd.laba.xml.CarXmlParserRunner - Current Date: 2023/06/22 19:00:21
2023-06-22 19:00:21.646 [main] INFO  com.solvd.laba.xml.CarXmlParserRunner - ---------------------------------------------------------------
2023-06-22 19:00:21.646 [main] INFO  com.solvd.laba.xml.CarXmlParserRunner - Electric Car ID: 5
2023-06-22 19:00:21.647 [main] INFO  com.solvd.laba.xml.CarXmlParserRunner - Brand: Tesla
2023-06-22 19:00:21.647 [main] INFO  com.solvd.laba.xml.CarXmlParserRunner - Model: Model X
2023-06-22 19:00:21.647 [main] INFO  com.solvd.laba.xml.CarXmlParserRunner - BatteryCapacity: 100
2023-06-22 19:00:21.647 [main] INFO  com.solvd.laba.xml.CarXmlParserRunner - Price: 60000
2023-06-22 19:00:21.647 [main] INFO  com.solvd.laba.xml.CarXmlParserRunner - Current Date: 2023/06/22 19:00:21
2023-06-22 19:00:21.647 [main] INFO  com.solvd.laba.xml.CarXmlParserRunner - ---------------------------------------------------------------
2023-06-22 19:00:21.647 [main] INFO  com.solvd.laba.xml.CarXmlParserRunner - Electric Car ID: 6
2023-06-22 19:00:21.647 [main] INFO  com.solvd.laba.xml.CarXmlParserRunner - Brand: Tesla
2023-06-22 19:00:21.647 [main] INFO  com.solvd.laba.xml.CarXmlParserRunner - Model: Model Y
2023-06-22 19:00:21.647 [main] INFO  com.solvd.laba.xml.CarXmlParserRunner - BatteryCapacity: 81
2023-06-22 19:00:21.647 [main] INFO  com.solvd.laba.xml.CarXmlParserRunner - Price: 50000
2023-06-22 19:00:21.647 [main] INFO  com.solvd.laba.xml.CarXmlParserRunner - Current Date: 2023/06/22 19:00:21
2023-06-22 19:00:21.647 [main] INFO  com.solvd.laba.xml.CarXmlParserRunner - ---------------------------------------------------------------
2023-06-22 19:00:21.647 [main] INFO  com.solvd.laba.xml.CarXmlParserRunner - Gasoline Car ID: 7
2023-06-22 19:00:21.647 [main] INFO  com.solvd.laba.xml.CarXmlParserRunner - Brand: Nissan
2023-06-22 19:00:21.648 [main] INFO  com.solvd.laba.xml.CarXmlParserRunner - Model: Versa
2023-06-22 19:00:21.648 [main] INFO  com.solvd.laba.xml.CarXmlParserRunner - Fuel economy: 35
2023-06-22 19:00:21.648 [main] INFO  com.solvd.laba.xml.CarXmlParserRunner - Price: 15000
2023-06-22 19:00:21.648 [main] INFO  com.solvd.laba.xml.CarXmlParserRunner - Current Date: 2023/06/22 19:00:21
2023-06-22 19:00:21.648 [main] INFO  com.solvd.laba.xml.CarXmlParserRunner - -------------------------------------------------------
2023-06-22 19:00:21.648 [main] INFO  com.solvd.laba.xml.CarXmlParserRunner - Gasoline Car ID: 8
2023-06-22 19:00:21.648 [main] INFO  com.solvd.laba.xml.CarXmlParserRunner - Brand: Mitsubishi
2023-06-22 19:00:21.648 [main] INFO  com.solvd.laba.xml.CarXmlParserRunner - Model: Mirage
2023-06-22 19:00:21.648 [main] INFO  com.solvd.laba.xml.CarXmlParserRunner - Fuel economy: 39
2023-06-22 19:00:21.648 [main] INFO  com.solvd.laba.xml.CarXmlParserRunner - Price: 16000
2023-06-22 19:00:21.649 [main] INFO  com.solvd.laba.xml.CarXmlParserRunner - Current Date: 2023/06/22 19:00:21
2023-06-22 19:00:21.649 [main] INFO  com.solvd.laba.xml.CarXmlParserRunner - -------------------------------------------------------
2023-06-22 19:00:21.649 [main] INFO  com.solvd.laba.xml.CarXmlParserRunner - Gasoline Car ID: 9
2023-06-22 19:00:21.649 [main] INFO  com.solvd.laba.xml.CarXmlParserRunner - Brand: Kia
2023-06-22 19:00:21.649 [main] INFO  com.solvd.laba.xml.CarXmlParserRunner - Model: Rio
2023-06-22 19:00:21.649 [main] INFO  com.solvd.laba.xml.CarXmlParserRunner - Fuel economy: 36
2023-06-22 19:00:21.649 [main] INFO  com.solvd.laba.xml.CarXmlParserRunner - Price: 16750
2023-06-22 19:00:21.649 [main] INFO  com.solvd.laba.xml.CarXmlParserRunner - Current Date: 2023/06/22 19:00:21
2023-06-22 19:00:21.649 [main] INFO  com.solvd.laba.xml.CarXmlParserRunner - -------------------------------------------------------
2023-06-22 19:00:21.649 [main] INFO  com.solvd.laba.xml.CarXmlParserRunner - Sports Car ID: 10
2023-06-22 19:00:21.650 [main] INFO  com.solvd.laba.xml.CarXmlParserRunner - Brand: Porsche
2023-06-22 19:00:21.650 [main] INFO  com.solvd.laba.xml.CarXmlParserRunner - Model: Cayman
2023-06-22 19:00:21.650 [main] INFO  com.solvd.laba.xml.CarXmlParserRunner - Top Speed: 200
2023-06-22 19:00:21.650 [main] INFO  com.solvd.laba.xml.CarXmlParserRunner - Price: 63400
2023-06-22 19:00:21.650 [main] INFO  com.solvd.laba.xml.CarXmlParserRunner - Current Date: 2023/06/22 19:00:21
2023-06-22 19:00:21.650 [main] INFO  com.solvd.laba.xml.CarXmlParserRunner - --------------------------------------------
2023-06-22 19:00:21.650 [main] INFO  com.solvd.laba.xml.CarXmlParserRunner - Sports Car ID: 11
2023-06-22 19:00:21.650 [main] INFO  com.solvd.laba.xml.CarXmlParserRunner - Brand: Aston Martin
2023-06-22 19:00:21.650 [main] INFO  com.solvd.laba.xml.CarXmlParserRunner - Model: Valkyrie AMR Pro
2023-06-22 19:00:21.650 [main] INFO  com.solvd.laba.xml.CarXmlParserRunner - Top Speed: 250
2023-06-22 19:00:21.650 [main] INFO  com.solvd.laba.xml.CarXmlParserRunner - Price: 55000
2023-06-22 19:00:21.650 [main] INFO  com.solvd.laba.xml.CarXmlParserRunner - Current Date: 2023/06/22 19:00:21
2023-06-22 19:00:21.651 [main] INFO  com.solvd.laba.xml.CarXmlParserRunner - --------------------------------------------
2023-06-22 19:00:21.651 [main] INFO  com.solvd.laba.xml.CarXmlParserRunner - Sports Car ID: 12
2023-06-22 19:00:21.651 [main] INFO  com.solvd.laba.xml.CarXmlParserRunner - Brand: Saleen
2023-06-22 19:00:21.651 [main] INFO  com.solvd.laba.xml.CarXmlParserRunner - Model: S7 Twin-Turbo
2023-06-22 19:00:21.651 [main] INFO  com.solvd.laba.xml.CarXmlParserRunner - Top Speed: 248
2023-06-22 19:00:21.651 [main] INFO  com.solvd.laba.xml.CarXmlParserRunner - Price: 80000
2023-06-22 19:00:21.651 [main] INFO  com.solvd.laba.xml.CarXmlParserRunner - Current Date: 2023/06/22 19:00:21
2023-06-22 19:00:21.651 [main] INFO  com.solvd.laba.xml.CarXmlParserRunner - --------------------------------------------
2023-06-22 19:00:21.651 [main] INFO  com.solvd.laba.xml.CarXmlParserRunner - Used Car ID: 13
2023-06-22 19:00:21.652 [main] INFO  com.solvd.laba.xml.CarXmlParserRunner - Brand: Subaru
2023-06-22 19:00:21.652 [main] INFO  com.solvd.laba.xml.CarXmlParserRunner - Model: Ascent
2023-06-22 19:00:21.652 [main] INFO  com.solvd.laba.xml.CarXmlParserRunner - Mileage: 19000
2023-06-22 19:00:21.652 [main] INFO  com.solvd.laba.xml.CarXmlParserRunner - Price: 32000
2023-06-22 19:00:21.652 [main] INFO  com.solvd.laba.xml.CarXmlParserRunner - Current Date: 2023/06/22 19:00:21
2023-06-22 19:00:21.652 [main] INFO  com.solvd.laba.xml.CarXmlParserRunner - -------------------------------------------
2023-06-22 19:00:21.653 [main] INFO  com.solvd.laba.xml.CarXmlParserRunner - Used Car ID: 14
2023-06-22 19:00:21.653 [main] INFO  com.solvd.laba.xml.CarXmlParserRunner - Brand: Chevrolet
2023-06-22 19:00:21.653 [main] INFO  com.solvd.laba.xml.CarXmlParserRunner - Model: Camaro
2023-06-22 19:00:21.653 [main] INFO  com.solvd.laba.xml.CarXmlParserRunner - Mileage: 6794
2023-06-22 19:00:21.653 [main] INFO  com.solvd.laba.xml.CarXmlParserRunner - Price: 48000
2023-06-22 19:00:21.653 [main] INFO  com.solvd.laba.xml.CarXmlParserRunner - Current Date: 2023/06/22 19:00:21
2023-06-22 19:00:21.653 [main] INFO  com.solvd.laba.xml.CarXmlParserRunner - -------------------------------------------
2023-06-22 19:00:21.653 [main] INFO  com.solvd.laba.xml.CarXmlParserRunner - Used Car ID: 15
2023-06-22 19:00:21.653 [main] INFO  com.solvd.laba.xml.CarXmlParserRunner - Brand: Alfa Romeo
2023-06-22 19:00:21.653 [main] INFO  com.solvd.laba.xml.CarXmlParserRunner - Model: Stelvio
2023-06-22 19:00:21.653 [main] INFO  com.solvd.laba.xml.CarXmlParserRunner - Mileage: 20000
2023-06-22 19:00:21.653 [main] INFO  com.solvd.laba.xml.CarXmlParserRunner - Price: 32560
2023-06-22 19:00:21.653 [main] INFO  com.solvd.laba.xml.CarXmlParserRunner - Current Date: 2023/06/22 19:00:21
2023-06-22 19:00:21.653 [main] INFO  com.solvd.laba.xml.CarXmlParserRunner - -------------------------------------------
2023-06-22 19:01:22.913 [main] INFO  com.solvd.laba.xml.CarXmlParserRunner - Car ID: 1
2023-06-22 19:01:22.915 [main] INFO  com.solvd.laba.xml.CarXmlParserRunner - Brand: Toyota
2023-06-22 19:01:22.915 [main] INFO  com.solvd.laba.xml.CarXmlParserRunner - Model: Camry
2023-06-22 19:01:22.916 [main] INFO  com.solvd.laba.xml.CarXmlParserRunner - Year: 2022
2023-06-22 19:01:22.916 [main] INFO  com.solvd.laba.xml.CarXmlParserRunner - Price: 25000
2023-06-22 19:01:22.916 [main] INFO  com.solvd.laba.xml.CarXmlParserRunner - Current Date: 2023/06/22 19:01:22
2023-06-22 19:01:22.916 [main] INFO  com.solvd.laba.xml.CarXmlParserRunner - ---------------------------------------------
2023-06-22 19:01:22.916 [main] INFO  com.solvd.laba.xml.CarXmlParserRunner - Car ID: 2
2023-06-22 19:01:22.916 [main] INFO  com.solvd.laba.xml.CarXmlParserRunner - Brand: Nissan
2023-06-22 19:01:22.916 [main] INFO  com.solvd.laba.xml.CarXmlParserRunner - Model: Altima
2023-06-22 19:01:22.916 [main] INFO  com.solvd.laba.xml.CarXmlParserRunner - Year: 2023
2023-06-22 19:01:22.916 [main] INFO  com.solvd.laba.xml.CarXmlParserRunner - Price: 15000
2023-06-22 19:01:22.916 [main] INFO  com.solvd.laba.xml.CarXmlParserRunner - Current Date: 2023/06/22 19:01:22
2023-06-22 19:01:22.916 [main] INFO  com.solvd.laba.xml.CarXmlParserRunner - ---------------------------------------------
2023-06-22 19:01:22.916 [main] INFO  com.solvd.laba.xml.CarXmlParserRunner - Car ID: 3
2023-06-22 19:01:22.917 [main] INFO  com.solvd.laba.xml.CarXmlParserRunner - Brand: BMW
2023-06-22 19:01:22.917 [main] INFO  com.solvd.laba.xml.CarXmlParserRunner - Model: X5
2023-06-22 19:01:22.917 [main] INFO  com.solvd.laba.xml.CarXmlParserRunner - Year: 2000
2023-06-22 19:01:22.917 [main] INFO  com.solvd.laba.xml.CarXmlParserRunner - Price: 8000
2023-06-22 19:01:22.917 [main] INFO  com.solvd.laba.xml.CarXmlParserRunner - Current Date: 2023/06/22 19:01:22
2023-06-22 19:01:22.917 [main] INFO  com.solvd.laba.xml.CarXmlParserRunner - ---------------------------------------------
2023-06-22 19:01:22.917 [main] INFO  com.solvd.laba.xml.CarXmlParserRunner - Electric Car ID: 4
2023-06-22 19:01:22.917 [main] INFO  com.solvd.laba.xml.CarXmlParserRunner - Brand: Tesla
2023-06-22 19:01:22.917 [main] INFO  com.solvd.laba.xml.CarXmlParserRunner - Model: Model 3
2023-06-22 19:01:22.917 [main] INFO  com.solvd.laba.xml.CarXmlParserRunner - BatteryCapacity: -5082
2023-06-22 19:01:22.917 [main] INFO  com.solvd.laba.xml.CarXmlParserRunner - Price: 29000
2023-06-22 19:01:22.918 [main] INFO  com.solvd.laba.xml.CarXmlParserRunner - Current Date: 2023/06/22 19:01:22
2023-06-22 19:01:22.918 [main] INFO  com.solvd.laba.xml.CarXmlParserRunner - ---------------------------------------------------------------
2023-06-22 19:01:22.918 [main] INFO  com.solvd.laba.xml.CarXmlParserRunner - Electric Car ID: 5
2023-06-22 19:01:22.918 [main] INFO  com.solvd.laba.xml.CarXmlParserRunner - Brand: Tesla
2023-06-22 19:01:22.918 [main] INFO  com.solvd.laba.xml.CarXmlParserRunner - Model: Model X
2023-06-22 19:01:22.918 [main] INFO  com.solvd.laba.xml.CarXmlParserRunner - BatteryCapacity: 100
2023-06-22 19:01:22.918 [main] INFO  com.solvd.laba.xml.CarXmlParserRunner - Price: 60000
2023-06-22 19:01:22.918 [main] INFO  com.solvd.laba.xml.CarXmlParserRunner - Current Date: 2023/06/22 19:01:22
2023-06-22 19:01:22.918 [main] INFO  com.solvd.laba.xml.CarXmlParserRunner - ---------------------------------------------------------------
2023-06-22 19:01:22.918 [main] INFO  com.solvd.laba.xml.CarXmlParserRunner - Electric Car ID: 6
2023-06-22 19:01:22.918 [main] INFO  com.solvd.laba.xml.CarXmlParserRunner - Brand: Tesla
2023-06-22 19:01:22.918 [main] INFO  com.solvd.laba.xml.CarXmlParserRunner - Model: Model Y
2023-06-22 19:01:22.918 [main] INFO  com.solvd.laba.xml.CarXmlParserRunner - BatteryCapacity: 81
2023-06-22 19:01:22.918 [main] INFO  com.solvd.laba.xml.CarXmlParserRunner - Price: 50000
2023-06-22 19:01:22.918 [main] INFO  com.solvd.laba.xml.CarXmlParserRunner - Current Date: 2023/06/22 19:01:22
2023-06-22 19:01:22.919 [main] INFO  com.solvd.laba.xml.CarXmlParserRunner - ---------------------------------------------------------------
2023-06-22 19:01:22.919 [main] INFO  com.solvd.laba.xml.CarXmlParserRunner - Gasoline Car ID: 7
2023-06-22 19:01:22.919 [main] INFO  com.solvd.laba.xml.CarXmlParserRunner - Brand: Nissan
2023-06-22 19:01:22.919 [main] INFO  com.solvd.laba.xml.CarXmlParserRunner - Model: Versa
2023-06-22 19:01:22.919 [main] INFO  com.solvd.laba.xml.CarXmlParserRunner - Fuel economy: 35
2023-06-22 19:01:22.919 [main] INFO  com.solvd.laba.xml.CarXmlParserRunner - Price: 15000
2023-06-22 19:01:22.919 [main] INFO  com.solvd.laba.xml.CarXmlParserRunner - Current Date: 2023/06/22 19:01:22
2023-06-22 19:01:22.919 [main] INFO  com.solvd.laba.xml.CarXmlParserRunner - -------------------------------------------------------
2023-06-22 19:01:22.919 [main] INFO  com.solvd.laba.xml.CarXmlParserRunner - Gasoline Car ID: 8
2023-06-22 19:01:22.919 [main] INFO  com.solvd.laba.xml.CarXmlParserRunner - Brand: Mitsubishi
2023-06-22 19:01:22.919 [main] INFO  com.solvd.laba.xml.CarXmlParserRunner - Model: Mirage
2023-06-22 19:01:22.919 [main] INFO  com.solvd.laba.xml.CarXmlParserRunner - Fuel economy: 39
2023-06-22 19:01:22.920 [main] INFO  com.solvd.laba.xml.CarXmlParserRunner - Price: 16000
2023-06-22 19:01:22.920 [main] INFO  com.solvd.laba.xml.CarXmlParserRunner - Current Date: 2023/06/22 19:01:22
2023-06-22 19:01:22.920 [main] INFO  com.solvd.laba.xml.CarXmlParserRunner - -------------------------------------------------------
2023-06-22 19:01:22.920 [main] INFO  com.solvd.laba.xml.CarXmlParserRunner - Gasoline Car ID: 9
2023-06-22 19:01:22.920 [main] INFO  com.solvd.laba.xml.CarXmlParserRunner - Brand: Kia
2023-06-22 19:01:22.920 [main] INFO  com.solvd.laba.xml.CarXmlParserRunner - Model: Rio
2023-06-22 19:01:22.920 [main] INFO  com.solvd.laba.xml.CarXmlParserRunner - Fuel economy: 36
2023-06-22 19:01:22.920 [main] INFO  com.solvd.laba.xml.CarXmlParserRunner - Price: 16750
2023-06-22 19:01:22.920 [main] INFO  com.solvd.laba.xml.CarXmlParserRunner - Current Date: 2023/06/22 19:01:22
2023-06-22 19:01:22.920 [main] INFO  com.solvd.laba.xml.CarXmlParserRunner - -------------------------------------------------------
2023-06-22 19:01:22.920 [main] INFO  com.solvd.laba.xml.CarXmlParserRunner - Sports Car ID: 10
2023-06-22 19:01:22.920 [main] INFO  com.solvd.laba.xml.CarXmlParserRunner - Brand: Porsche
2023-06-22 19:01:22.920 [main] INFO  com.solvd.laba.xml.CarXmlParserRunner - Model: Cayman
2023-06-22 19:01:22.921 [main] INFO  com.solvd.laba.xml.CarXmlParserRunner - Top Speed: 200
2023-06-22 19:01:22.921 [main] INFO  com.solvd.laba.xml.CarXmlParserRunner - Price: 63400
2023-06-22 19:01:22.921 [main] INFO  com.solvd.laba.xml.CarXmlParserRunner - Current Date: 2023/06/22 19:01:22
2023-06-22 19:01:22.921 [main] INFO  com.solvd.laba.xml.CarXmlParserRunner - --------------------------------------------
2023-06-22 19:01:22.921 [main] INFO  com.solvd.laba.xml.CarXmlParserRunner - Sports Car ID: 11
2023-06-22 19:01:22.921 [main] INFO  com.solvd.laba.xml.CarXmlParserRunner - Brand: Aston Martin
2023-06-22 19:01:22.921 [main] INFO  com.solvd.laba.xml.CarXmlParserRunner - Model: Valkyrie AMR Pro
2023-06-22 19:01:22.921 [main] INFO  com.solvd.laba.xml.CarXmlParserRunner - Top Speed: 250
2023-06-22 19:01:22.921 [main] INFO  com.solvd.laba.xml.CarXmlParserRunner - Price: 55000
2023-06-22 19:01:22.921 [main] INFO  com.solvd.laba.xml.CarXmlParserRunner - Current Date: 2023/06/22 19:01:22
2023-06-22 19:01:22.921 [main] INFO  com.solvd.laba.xml.CarXmlParserRunner - --------------------------------------------
2023-06-22 19:01:22.921 [main] INFO  com.solvd.laba.xml.CarXmlParserRunner - Sports Car ID: 12
2023-06-22 19:01:22.921 [main] INFO  com.solvd.laba.xml.CarXmlParserRunner - Brand: Saleen
2023-06-22 19:01:22.921 [main] INFO  com.solvd.laba.xml.CarXmlParserRunner - Model: S7 Twin-Turbo
2023-06-22 19:01:22.921 [main] INFO  com.solvd.laba.xml.CarXmlParserRunner - Top Speed: 248
2023-06-22 19:01:22.921 [main] INFO  com.solvd.laba.xml.CarXmlParserRunner - Price: 80000
2023-06-22 19:01:22.921 [main] INFO  com.solvd.laba.xml.CarXmlParserRunner - Current Date: 2023/06/22 19:01:22
2023-06-22 19:01:22.922 [main] INFO  com.solvd.laba.xml.CarXmlParserRunner - --------------------------------------------
2023-06-22 19:01:22.922 [main] INFO  com.solvd.laba.xml.CarXmlParserRunner - Used Car ID: 13
2023-06-22 19:01:22.922 [main] INFO  com.solvd.laba.xml.CarXmlParserRunner - Brand: Subaru
2023-06-22 19:01:22.922 [main] INFO  com.solvd.laba.xml.CarXmlParserRunner - Model: Ascent
2023-06-22 19:01:22.922 [main] INFO  com.solvd.laba.xml.CarXmlParserRunner - Mileage: 19000
2023-06-22 19:01:22.923 [main] INFO  com.solvd.laba.xml.CarXmlParserRunner - Price: 32000
2023-06-22 19:01:22.923 [main] INFO  com.solvd.laba.xml.CarXmlParserRunner - Current Date: 2023/06/22 19:01:22
2023-06-22 19:01:22.923 [main] INFO  com.solvd.laba.xml.CarXmlParserRunner - -------------------------------------------
2023-06-22 19:01:22.923 [main] INFO  com.solvd.laba.xml.CarXmlParserRunner - Used Car ID: 14
2023-06-22 19:01:22.923 [main] INFO  com.solvd.laba.xml.CarXmlParserRunner - Brand: Chevrolet
2023-06-22 19:01:22.923 [main] INFO  com.solvd.laba.xml.CarXmlParserRunner - Model: Camaro
2023-06-22 19:01:22.923 [main] INFO  com.solvd.laba.xml.CarXmlParserRunner - Mileage: 6794
2023-06-22 19:01:22.923 [main] INFO  com.solvd.laba.xml.CarXmlParserRunner - Price: 48000
2023-06-22 19:01:22.923 [main] INFO  com.solvd.laba.xml.CarXmlParserRunner - Current Date: 2023/06/22 19:01:22
2023-06-22 19:01:22.923 [main] INFO  com.solvd.laba.xml.CarXmlParserRunner - -------------------------------------------
2023-06-22 19:01:22.923 [main] INFO  com.solvd.laba.xml.CarXmlParserRunner - Used Car ID: 15
2023-06-22 19:01:22.923 [main] INFO  com.solvd.laba.xml.CarXmlParserRunner - Brand: Alfa Romeo
2023-06-22 19:01:22.923 [main] INFO  com.solvd.laba.xml.CarXmlParserRunner - Model: Stelvio
2023-06-22 19:01:22.923 [main] INFO  com.solvd.laba.xml.CarXmlParserRunner - Mileage: 20000
2023-06-22 19:01:22.923 [main] INFO  com.solvd.laba.xml.CarXmlParserRunner - Price: 32560
2023-06-22 19:01:22.923 [main] INFO  com.solvd.laba.xml.CarXmlParserRunner - Current Date: 2023/06/22 19:01:22
2023-06-22 19:01:22.923 [main] INFO  com.solvd.laba.xml.CarXmlParserRunner - -------------------------------------------
